This is pdfTeX, Version 3.14159265-2.6-1.40.16 (TeX Live 2015/Debian) (preloaded format=pdflatex 2017.10.5)  31 JAN 2018 11:07
entering extended mode
 restricted \write18 enabled.
 %&-line parsing enabled.
**informe.tex
(./informe.tex
LaTeX2e <2016/02/01>
Babel <3.9q> and hyphenation patterns for 6 language(s) loaded.
(/usr/share/texlive/texmf-dist/tex/latex/base/article.cls
Document Class: article 2014/09/29 v1.4h Standard LaTeX document class
(/usr/share/texlive/texmf-dist/tex/latex/base/size10.clo
File: size10.clo 2014/09/29 v1.4h Standard LaTeX file (size option)
)
\c@part=\count79
\c@section=\count80
\c@subsection=\count81
\c@subsubsection=\count82
\c@paragraph=\count83
\c@subparagraph=\count84
\c@figure=\count85
\c@table=\count86
\abovecaptionskip=\skip41
\belowcaptionskip=\skip42
\bibindent=\dimen102
)
(/usr/share/texlive/texmf-dist/tex/generic/babel/babel.sty
Package: babel 2016/02/24 3.9q The Babel package

(/usr/share/texlive/texmf-dist/tex/generic/babel-spanish/spanish.ldf
Language: spanish.ldf 2016/01/15 v5.0o Spanish support from the babel system

(/usr/share/texlive/texmf-dist/tex/generic/babel/babel.def
File: babel.def 2016/02/24 3.9q Babel common definitions
\babel@savecnt=\count87
\U@D=\dimen103
)
\es@quottoks=\toks14
\es@quotdepth=\count88
Package babel Info: Making " an active character on input line 533.
Package babel Info: Making . an active character on input line 634.
Package babel Info: Making < an active character on input line 679.
Package babel Info: Making > an active character on input line 679.
))
(/usr/share/texlive/texmf-dist/tex/latex/base/inputenc.sty
Package: inputenc 2015/03/17 v1.2c Input encoding file
\inpenc@prehook=\toks15
\inpenc@posthook=\toks16

(/usr/share/texlive/texmf-dist/tex/latex/base/utf8.def
File: utf8.def 2015/12/03 v1.1r UTF-8 support for inputenc
Now handling font encoding OML ...
... no UTF-8 mapping file for font encoding OML
Now handling font encoding T1 ...
... processing UTF-8 mapping file for font encoding T1

(/usr/share/texlive/texmf-dist/tex/latex/base/t1enc.dfu
File: t1enc.dfu 2015/12/03 v1.1r UTF-8 support for inputenc
   defining Unicode char U+00A0 (decimal 160)
   defining Unicode char U+00A1 (decimal 161)
   defining Unicode char U+00A3 (decimal 163)
   defining Unicode char U+00AB (decimal 171)
   defining Unicode char U+00AD (decimal 173)
   defining Unicode char U+00BB (decimal 187)
   defining Unicode char U+00BF (decimal 191)
   defining Unicode char U+00C0 (decimal 192)
   defining Unicode char U+00C1 (decimal 193)
   defining Unicode char U+00C2 (decimal 194)
   defining Unicode char U+00C3 (decimal 195)
   defining Unicode char U+00C4 (decimal 196)
   defining Unicode char U+00C5 (decimal 197)
   defining Unicode char U+00C6 (decimal 198)
   defining Unicode char U+00C7 (decimal 199)
   defining Unicode char U+00C8 (decimal 200)
   defining Unicode char U+00C9 (decimal 201)
   defining Unicode char U+00CA (decimal 202)
   defining Unicode char U+00CB (decimal 203)
   defining Unicode char U+00CC (decimal 204)
   defining Unicode char U+00CD (decimal 205)
   defining Unicode char U+00CE (decimal 206)
   defining Unicode char U+00CF (decimal 207)
   defining Unicode char U+00D0 (decimal 208)
   defining Unicode char U+00D1 (decimal 209)
   defining Unicode char U+00D2 (decimal 210)
   defining Unicode char U+00D3 (decimal 211)
   defining Unicode char U+00D4 (decimal 212)
   defining Unicode char U+00D5 (decimal 213)
   defining Unicode char U+00D6 (decimal 214)
   defining Unicode char U+00D8 (decimal 216)
   defining Unicode char U+00D9 (decimal 217)
   defining Unicode char U+00DA (decimal 218)
   defining Unicode char U+00DB (decimal 219)
   defining Unicode char U+00DC (decimal 220)
   defining Unicode char U+00DD (decimal 221)
   defining Unicode char U+00DE (decimal 222)
   defining Unicode char U+00DF (decimal 223)
   defining Unicode char U+00E0 (decimal 224)
   defining Unicode char U+00E1 (decimal 225)
   defining Unicode char U+00E2 (decimal 226)
   defining Unicode char U+00E3 (decimal 227)
   defining Unicode char U+00E4 (decimal 228)
   defining Unicode char U+00E5 (decimal 229)
   defining Unicode char U+00E6 (decimal 230)
   defining Unicode char U+00E7 (decimal 231)
   defining Unicode char U+00E8 (decimal 232)
   defining Unicode char U+00E9 (decimal 233)
   defining Unicode char U+00EA (decimal 234)
   defining Unicode char U+00EB (decimal 235)
   defining Unicode char U+00EC (decimal 236)
   defining Unicode char U+00ED (decimal 237)
   defining Unicode char U+00EE (decimal 238)
   defining Unicode char U+00EF (decimal 239)
   defining Unicode char U+00F0 (decimal 240)
   defining Unicode char U+00F1 (decimal 241)
   defining Unicode char U+00F2 (decimal 242)
   defining Unicode char U+00F3 (decimal 243)
   defining Unicode char U+00F4 (decimal 244)
   defining Unicode char U+00F5 (decimal 245)
   defining Unicode char U+00F6 (decimal 246)
   defining Unicode char U+00F8 (decimal 248)
   defining Unicode char U+00F9 (decimal 249)
   defining Unicode char U+00FA (decimal 250)
   defining Unicode char U+00FB (decimal 251)
   defining Unicode char U+00FC (decimal 252)
   defining Unicode char U+00FD (decimal 253)
   defining Unicode char U+00FE (decimal 254)
   defining Unicode char U+00FF (decimal 255)
   defining Unicode char U+0100 (decimal 256)
   defining Unicode char U+0101 (decimal 257)
   defining Unicode char U+0102 (decimal 258)
   defining Unicode char U+0103 (decimal 259)
   defining Unicode char U+0104 (decimal 260)
   defining Unicode char U+0105 (decimal 261)
   defining Unicode char U+0106 (decimal 262)
   defining Unicode char U+0107 (decimal 263)
   defining Unicode char U+0108 (decimal 264)
   defining Unicode char U+0109 (decimal 265)
   defining Unicode char U+010A (decimal 266)
   defining Unicode char U+010B (decimal 267)
   defining Unicode char U+010C (decimal 268)
   defining Unicode char U+010D (decimal 269)
   defining Unicode char U+010E (decimal 270)
   defining Unicode char U+010F (decimal 271)
   defining Unicode char U+0110 (decimal 272)
   defining Unicode char U+0111 (decimal 273)
   defining Unicode char U+0112 (decimal 274)
   defining Unicode char U+0113 (decimal 275)
   defining Unicode char U+0114 (decimal 276)
   defining Unicode char U+0115 (decimal 277)
   defining Unicode char U+0116 (decimal 278)
   defining Unicode char U+0117 (decimal 279)
   defining Unicode char U+0118 (decimal 280)
   defining Unicode char U+0119 (decimal 281)
   defining Unicode char U+011A (decimal 282)
   defining Unicode char U+011B (decimal 283)
   defining Unicode char U+011C (decimal 284)
   defining Unicode char U+011D (decimal 285)
   defining Unicode char U+011E (decimal 286)
   defining Unicode char U+011F (decimal 287)
   defining Unicode char U+0120 (decimal 288)
   defining Unicode char U+0121 (decimal 289)
   defining Unicode char U+0122 (decimal 290)
   defining Unicode char U+0123 (decimal 291)
   defining Unicode char U+0124 (decimal 292)
   defining Unicode char U+0125 (decimal 293)
   defining Unicode char U+0128 (decimal 296)
   defining Unicode char U+0129 (decimal 297)
   defining Unicode char U+012A (decimal 298)
   defining Unicode char U+012B (decimal 299)
   defining Unicode char U+012C (decimal 300)
   defining Unicode char U+012D (decimal 301)
   defining Unicode char U+012E (decimal 302)
   defining Unicode char U+012F (decimal 303)
   defining Unicode char U+0130 (decimal 304)
   defining Unicode char U+0131 (decimal 305)
   defining Unicode char U+0132 (decimal 306)
   defining Unicode char U+0133 (decimal 307)
   defining Unicode char U+0134 (decimal 308)
   defining Unicode char U+0135 (decimal 309)
   defining Unicode char U+0136 (decimal 310)
   defining Unicode char U+0137 (decimal 311)
   defining Unicode char U+0139 (decimal 313)
   defining Unicode char U+013A (decimal 314)
   defining Unicode char U+013B (decimal 315)
   defining Unicode char U+013C (decimal 316)
   defining Unicode char U+013D (decimal 317)
   defining Unicode char U+013E (decimal 318)
   defining Unicode char U+0141 (decimal 321)
   defining Unicode char U+0142 (decimal 322)
   defining Unicode char U+0143 (decimal 323)
   defining Unicode char U+0144 (decimal 324)
   defining Unicode char U+0145 (decimal 325)
   defining Unicode char U+0146 (decimal 326)
   defining Unicode char U+0147 (decimal 327)
   defining Unicode char U+0148 (decimal 328)
   defining Unicode char U+014A (decimal 330)
   defining Unicode char U+014B (decimal 331)
   defining Unicode char U+014C (decimal 332)
   defining Unicode char U+014D (decimal 333)
   defining Unicode char U+014E (decimal 334)
   defining Unicode char U+014F (decimal 335)
   defining Unicode char U+0150 (decimal 336)
   defining Unicode char U+0151 (decimal 337)
   defining Unicode char U+0152 (decimal 338)
   defining Unicode char U+0153 (decimal 339)
   defining Unicode char U+0154 (decimal 340)
   defining Unicode char U+0155 (decimal 341)
   defining Unicode char U+0156 (decimal 342)
   defining Unicode char U+0157 (decimal 343)
   defining Unicode char U+0158 (decimal 344)
   defining Unicode char U+0159 (decimal 345)
   defining Unicode char U+015A (decimal 346)
   defining Unicode char U+015B (decimal 347)
   defining Unicode char U+015C (decimal 348)
   defining Unicode char U+015D (decimal 349)
   defining Unicode char U+015E (decimal 350)
   defining Unicode char U+015F (decimal 351)
   defining Unicode char U+0160 (decimal 352)
   defining Unicode char U+0161 (decimal 353)
   defining Unicode char U+0162 (decimal 354)
   defining Unicode char U+0163 (decimal 355)
   defining Unicode char U+0164 (decimal 356)
   defining Unicode char U+0165 (decimal 357)
   defining Unicode char U+0168 (decimal 360)
   defining Unicode char U+0169 (decimal 361)
   defining Unicode char U+016A (decimal 362)
   defining Unicode char U+016B (decimal 363)
   defining Unicode char U+016C (decimal 364)
   defining Unicode char U+016D (decimal 365)
   defining Unicode char U+016E (decimal 366)
   defining Unicode char U+016F (decimal 367)
   defining Unicode char U+0170 (decimal 368)
   defining Unicode char U+0171 (decimal 369)
   defining Unicode char U+0172 (decimal 370)
   defining Unicode char U+0173 (decimal 371)
   defining Unicode char U+0174 (decimal 372)
   defining Unicode char U+0175 (decimal 373)
   defining Unicode char U+0176 (decimal 374)
   defining Unicode char U+0177 (decimal 375)
   defining Unicode char U+0178 (decimal 376)
   defining Unicode char U+0179 (decimal 377)
   defining Unicode char U+017A (decimal 378)
   defining Unicode char U+017B (decimal 379)
   defining Unicode char U+017C (decimal 380)
   defining Unicode char U+017D (decimal 381)
   defining Unicode char U+017E (decimal 382)
   defining Unicode char U+01CD (decimal 461)
   defining Unicode char U+01CE (decimal 462)
   defining Unicode char U+01CF (decimal 463)
   defining Unicode char U+01D0 (decimal 464)
   defining Unicode char U+01D1 (decimal 465)
   defining Unicode char U+01D2 (decimal 466)
   defining Unicode char U+01D3 (decimal 467)
   defining Unicode char U+01D4 (decimal 468)
   defining Unicode char U+01E2 (decimal 482)
   defining Unicode char U+01E3 (decimal 483)
   defining Unicode char U+01E6 (decimal 486)
   defining Unicode char U+01E7 (decimal 487)
   defining Unicode char U+01E8 (decimal 488)
   defining Unicode char U+01E9 (decimal 489)
   defining Unicode char U+01EA (decimal 490)
   defining Unicode char U+01EB (decimal 491)
   defining Unicode char U+01F0 (decimal 496)
   defining Unicode char U+01F4 (decimal 500)
   defining Unicode char U+01F5 (decimal 501)
   defining Unicode char U+0218 (decimal 536)
   defining Unicode char U+0219 (decimal 537)
   defining Unicode char U+021A (decimal 538)
   defining Unicode char U+021B (decimal 539)
   defining Unicode char U+01E02 (decimal 7682)
   defining Unicode char U+01E03 (decimal 7683)
   defining Unicode char U+200C (decimal 8204)
   defining Unicode char U+2013 (decimal 8211)
   defining Unicode char U+2014 (decimal 8212)
   defining Unicode char U+2018 (decimal 8216)
   defining Unicode char U+2019 (decimal 8217)
   defining Unicode char U+201A (decimal 8218)
   defining Unicode char U+201C (decimal 8220)
   defining Unicode char U+201D (decimal 8221)
   defining Unicode char U+201E (decimal 8222)
   defining Unicode char U+2030 (decimal 8240)
   defining Unicode char U+2031 (decimal 8241)
   defining Unicode char U+2039 (decimal 8249)
   defining Unicode char U+203A (decimal 8250)
   defining Unicode char U+2423 (decimal 9251)
)
Now handling font encoding OT1 ...
... processing UTF-8 mapping file for font encoding OT1

(/usr/share/texlive/texmf-dist/tex/latex/base/ot1enc.dfu
File: ot1enc.dfu 2015/12/03 v1.1r UTF-8 support for inputenc
   defining Unicode char U+00A0 (decimal 160)
   defining Unicode char U+00A1 (decimal 161)
   defining Unicode char U+00A3 (decimal 163)
   defining Unicode char U+00AD (decimal 173)
   defining Unicode char U+00B8 (decimal 184)
   defining Unicode char U+00BF (decimal 191)
   defining Unicode char U+00C5 (decimal 197)
   defining Unicode char U+00C6 (decimal 198)
   defining Unicode char U+00D8 (decimal 216)
   defining Unicode char U+00DF (decimal 223)
   defining Unicode char U+00E6 (decimal 230)
   defining Unicode char U+00EC (decimal 236)
   defining Unicode char U+00ED (decimal 237)
   defining Unicode char U+00EE (decimal 238)
   defining Unicode char U+00EF (decimal 239)
   defining Unicode char U+00F8 (decimal 248)
   defining Unicode char U+0131 (decimal 305)
   defining Unicode char U+0141 (decimal 321)
   defining Unicode char U+0142 (decimal 322)
   defining Unicode char U+0152 (decimal 338)
   defining Unicode char U+0153 (decimal 339)
   defining Unicode char U+0174 (decimal 372)
   defining Unicode char U+0175 (decimal 373)
   defining Unicode char U+0176 (decimal 374)
   defining Unicode char U+0177 (decimal 375)
   defining Unicode char U+0218 (decimal 536)
   defining Unicode char U+0219 (decimal 537)
   defining Unicode char U+021A (decimal 538)
   defining Unicode char U+021B (decimal 539)
   defining Unicode char U+2013 (decimal 8211)
   defining Unicode char U+2014 (decimal 8212)
   defining Unicode char U+2018 (decimal 8216)
   defining Unicode char U+2019 (decimal 8217)
   defining Unicode char U+201C (decimal 8220)
   defining Unicode char U+201D (decimal 8221)
)
Now handling font encoding OMS ...
... processing UTF-8 mapping file for font encoding OMS

(/usr/share/texlive/texmf-dist/tex/latex/base/omsenc.dfu
File: omsenc.dfu 2015/12/03 v1.1r UTF-8 support for inputenc
   defining Unicode char U+00A7 (decimal 167)
   defining Unicode char U+00B6 (decimal 182)
   defining Unicode char U+00B7 (decimal 183)
   defining Unicode char U+2020 (decimal 8224)
   defining Unicode char U+2021 (decimal 8225)
   defining Unicode char U+2022 (decimal 8226)
)
Now handling font encoding OMX ...
... no UTF-8 mapping file for font encoding OMX
Now handling font encoding U ...
... no UTF-8 mapping file for font encoding U
   defining Unicode char U+00A9 (decimal 169)
   defining Unicode char U+00AA (decimal 170)
   defining Unicode char U+00AE (decimal 174)
   defining Unicode char U+00BA (decimal 186)
   defining Unicode char U+02C6 (decimal 710)
   defining Unicode char U+02DC (decimal 732)
   defining Unicode char U+200C (decimal 8204)
   defining Unicode char U+2026 (decimal 8230)
   defining Unicode char U+2122 (decimal 8482)
   defining Unicode char U+2423 (decimal 9251)
)) (./caratula.sty
Package: caratula 2013/08/04 v0.5 Para componer caratulas de TPs del DC

(/usr/share/texlive/texmf-dist/tex/latex/base/ifthen.sty
Package: ifthen 2014/09/29 v1.1c Standard LaTeX ifthen package (DPC)
)
(/usr/share/texlive/texmf-dist/tex/latex/graphics/graphicx.sty
Package: graphicx 2014/10/28 v1.0g Enhanced LaTeX Graphics (DPC,SPQR)

(/usr/share/texlive/texmf-dist/tex/latex/graphics/keyval.sty
Package: keyval 2014/10/28 v1.15 key=value parser (DPC)
\KV@toks@=\toks17
)
(/usr/share/texlive/texmf-dist/tex/latex/graphics/graphics.sty
Package: graphics 2016/01/03 v1.0q Standard LaTeX Graphics (DPC,SPQR)

(/usr/share/texlive/texmf-dist/tex/latex/graphics/trig.sty
Package: trig 2016/01/03 v1.10 sin cos tan (DPC)
)
(/usr/share/texlive/texmf-dist/tex/latex/latexconfig/graphics.cfg
File: graphics.cfg 2010/04/23 v1.9 graphics configuration of TeX Live
)
Package graphics Info: Driver file: pdftex.def on input line 95.

(/usr/share/texlive/texmf-dist/tex/latex/pdftex-def/pdftex.def
File: pdftex.def 2011/05/27 v0.06d Graphics/color for pdfTeX

(/usr/share/texlive/texmf-dist/tex/generic/oberdiek/infwarerr.sty
Package: infwarerr 2010/04/08 v1.3 Providing info/warning/error messages (HO)
)
(/usr/share/texlive/texmf-dist/tex/generic/oberdiek/ltxcmds.sty
Package: ltxcmds 2011/11/09 v1.22 LaTeX kernel commands for general use (HO)
)
\Gread@gobject=\count89
))
\Gin@req@height=\dimen104
\Gin@req@width=\dimen105
)
Cargando package 'caratula' v0.5 (2013/08/04)
\intlist=\toks18
\intlistSinLU=\toks19
\c@integrantesCount=\count90
\intTabNombre=\toks20
\intTabLU=\toks21
\intTabEmail=\toks22
\c@directoresCount=\count91
\direcTabNombre=\toks23
\direcTabEmail=\toks24
\c@coDirectoresCount=\count92
\codirecTabNombre=\toks25
\codirecTabEmail=\toks26
) (./informe.aux
LaTeX Info: Redefining \. on input line 6.
LaTeX Info: Redefining \% on input line 6.


LaTeX Warning: Label `pics:blablabla' multiply defined.


LaTeX Warning: Label `pics:blablabla' multiply defined.


LaTeX Warning: Label `pics:blablabla' multiply defined.


LaTeX Warning: Label `pics:blablabla' multiply defined.


LaTeX Warning: Label `pics:blablabla' multiply defined.


LaTeX Warning: Label `pics:blablabla' multiply defined.


LaTeX Warning: Label `pics:blablabla' multiply defined.


LaTeX Warning: Label `pics:blablabla' multiply defined.


LaTeX Warning: Label `pics:blablabla' multiply defined.


LaTeX Warning: Label `pics:blablabla' multiply defined.


LaTeX Warning: Label `pics:blablabla' multiply defined.


LaTeX Warning: Label `pics:blablabla' multiply defined.


LaTeX Warning: Label `pics:blablabla' multiply defined.


LaTeX Warning: Label `pics:blablabla' multiply defined.


LaTeX Warning: Label `pics:blablabla' multiply defined.


LaTeX Warning: Label `pics:blablabla' multiply defined.


LaTeX Warning: Label `pics:blablabla' multiply defined.

)
\openout1 = `informe.aux'.

LaTeX Font Info:    Checking defaults for OML/cmm/m/it on input line 7.
LaTeX Font Info:    ... okay on input line 7.
LaTeX Font Info:    Checking defaults for T1/cmr/m/n on input line 7.
LaTeX Font Info:    ... okay on input line 7.
LaTeX Font Info:    Checking defaults for OT1/cmr/m/n on input line 7.
LaTeX Font Info:    ... okay on input line 7.
LaTeX Font Info:    Checking defaults for OMS/cmsy/m/n on input line 7.
LaTeX Font Info:    ... okay on input line 7.
LaTeX Font Info:    Checking defaults for OMX/cmex/m/n on input line 7.
LaTeX Font Info:    ... okay on input line 7.
LaTeX Font Info:    Checking defaults for U/cmr/m/n on input line 7.
LaTeX Font Info:    ... okay on input line 7.
LaTeX Info: Redefining \. on input line 7.
LaTeX Info: Redefining \% on input line 7.
 (/usr/share/texlive/texmf-dist/tex/context/base/supp-pdf.mkii
[Loading MPS to PDF converter (version 2006.09.02).]
\scratchcounter=\count93
\scratchdimen=\dimen106
\scratchbox=\box26
\nofMPsegments=\count94
\nofMParguments=\count95
\everyMPshowfont=\toks27
\MPscratchCnt=\count96
\MPscratchDim=\dimen107
\MPnumerator=\count97
\makeMPintoPDFobject=\count98
\everyMPtoPDFconversion=\toks28
) (/usr/share/texlive/texmf-dist/tex/generic/oberdiek/pdftexcmds.sty
Package: pdftexcmds 2011/11/29 v0.20 Utility functions of pdfTeX for LuaTeX (HO
)

(/usr/share/texlive/texmf-dist/tex/generic/oberdiek/ifluatex.sty
Package: ifluatex 2010/03/01 v1.3 Provides the ifluatex switch (HO)
Package ifluatex Info: LuaTeX not detected.
)
(/usr/share/texlive/texmf-dist/tex/generic/oberdiek/ifpdf.sty
Package: ifpdf 2011/01/30 v2.3 Provides the ifpdf switch (HO)
Package ifpdf Info: pdfTeX in PDF mode is detected.
)
Package pdftexcmds Info: LuaTeX not detected.
Package pdftexcmds Info: \pdf@primitive is available.
Package pdftexcmds Info: \pdf@ifprimitive is available.
Package pdftexcmds Info: \pdfdraftmode found.
)
(/usr/share/texlive/texmf-dist/tex/latex/oberdiek/epstopdf-base.sty
Package: epstopdf-base 2010/02/09 v2.5 Base part for package epstopdf

(/usr/share/texlive/texmf-dist/tex/latex/oberdiek/grfext.sty
Package: grfext 2010/08/19 v1.1 Manage graphics extensions (HO)

(/usr/share/texlive/texmf-dist/tex/generic/oberdiek/kvdefinekeys.sty
Package: kvdefinekeys 2011/04/07 v1.3 Define keys (HO)
))
(/usr/share/texlive/texmf-dist/tex/latex/oberdiek/kvoptions.sty
Package: kvoptions 2011/06/30 v3.11 Key value format for package options (HO)

(/usr/share/texlive/texmf-dist/tex/generic/oberdiek/kvsetkeys.sty
Package: kvsetkeys 2012/04/25 v1.16 Key value parser (HO)

(/usr/share/texlive/texmf-dist/tex/generic/oberdiek/etexcmds.sty
Package: etexcmds 2011/02/16 v1.5 Avoid name clashes with e-TeX commands (HO)
Package etexcmds Info: Could not find \expanded.
(etexcmds)             That can mean that you are not using pdfTeX 1.50 or
(etexcmds)             that some package has redefined \expanded.
(etexcmds)             In the latter case, load this package earlier.
)))
Package grfext Info: Graphics extension search list:
(grfext)             [.png,.pdf,.jpg,.mps,.jpeg,.jbig2,.jb2,.PNG,.PDF,.JPG,.JPE
G,.JBIG2,.JB2,.eps]
(grfext)             \AppendGraphicsExtensions on input line 452.

(/usr/share/texlive/texmf-dist/tex/latex/latexconfig/epstopdf-sys.cfg
File: epstopdf-sys.cfg 2010/07/13 v1.3 Configuration of (r)epstopdf for TeX Liv
e
))
<logo_dc.jpg, id=1, 215.6055pt x 83.5923pt>
File: logo_dc.jpg Graphic file (type jpg)
 <use logo_dc.jpg>
Package pdftex.def Info: logo_dc.jpg used on input line 21.
(pdftex.def)             Requested size: 215.60497pt x 83.59207pt.

Underfull \hbox (badness 10000) in paragraph at lines 21--21

 []

LaTeX Font Info:    External font `cmex10' loaded for size
(Font)              <7> on input line 21.
LaTeX Font Info:    External font `cmex10' loaded for size
(Font)              <5> on input line 21.
<logo_uba.jpg, id=2, 225.4824pt x 231.7458pt>
File: logo_uba.jpg Graphic file (type jpg)
 <use logo_uba.jpg>
Package pdftex.def Info: logo_uba.jpg used on input line 21.
(pdftex.def)             Requested size: 225.48184pt x 231.74522pt.

Overfull \hbox (35.73079pt too wide) in paragraph at lines 21--21
[][] 
 []


Underfull \hbox (badness 10000) in paragraph at lines 21--21

 []

[1

{/var/lib/texmf/fonts/map/pdftex/updmap/pdftex.map} <./logo_dc.jpg> <./logo_uba
.jpg>] (./introduccion.tex) (./metodologia.tex [1]
! Undefined control sequence.
l.37 ...la normalización de los audios \completar
                                                  .
? 
[2] [3] <imagenes/hmm.png, id=26, 708.6475pt x 426.59375pt>
File: imagenes/hmm.png Graphic file (type png)

<use imagenes/hmm.png>
Package pdftex.def Info: imagenes/hmm.png used on input line 90.
(pdftex.def)             Requested size: 354.32289pt x 213.29634pt.

Overfull \hbox (24.32289pt too wide) in paragraph at lines 90--91
[][] 
 []

<imagenes/hmmContext.png, id=27, 602.25pt x 461.725pt>
File: imagenes/hmmContext.png Graphic file (type png)

<use imagenes/hmmContext.png>
Package pdftex.def Info: imagenes/hmmContext.png used on input line 94.
(pdftex.def)             Requested size: 301.12425pt x 230.86194pt.
 [4 <./imagenes/hmm.png>]
<imagenes/arbolDeDesicionTesis.png, id=31, 879.285pt x 580.1675pt>
File: imagenes/arbolDeDesicionTesis.png Graphic file (type png)

<use imagenes/arbolDeDesicionTesis.png>
Package pdftex.def Info: imagenes/arbolDeDesicionTesis.png used on input line 1
13.
(pdftex.def)             Requested size: 439.64143pt x 290.08302pt.

Overfull \hbox (109.64143pt too wide) in paragraph at lines 113--114
[][] 
 []

[5 <./imagenes/hmmContext.png>]) [6 <./imagenes/arbolDeDesicionTesis.png>]
(./experimentacion.tex
<estudio_online/estudio1.png, id=40, 1150.2975pt x 489.83pt>
File: estudio_online/estudio1.png Graphic file (type png)

<use estudio_online/estudio1.png>
Package pdftex.def Info: estudio_online/estudio1.png used on input line 25.
(pdftex.def)             Requested size: 575.14735pt x 244.9144pt.

Overfull \hbox (245.14735pt too wide) in paragraph at lines 25--26
[][] 
 []

[7] <estudio_online/estudio2.png, id=45, 1069.9975pt x 323.2075pt>
File: estudio_online/estudio2.png Graphic file (type png)

<use estudio_online/estudio2.png>
Package pdftex.def Info: estudio_online/estudio2.png used on input line 29.
(pdftex.def)             Requested size: 534.99744pt x 161.60335pt.

Overfull \hbox (204.99744pt too wide) in paragraph at lines 29--30
[][] 
 []

<estudio_online/estudio3.png, id=46, 1020.81375pt x 248.93pt>
File: estudio_online/estudio3.png Graphic file (type png)

<use estudio_online/estudio3.png>
Package pdftex.def Info: estudio_online/estudio3.png used on input line 33.
(pdftex.def)             Requested size: 510.40562pt x 124.46469pt.

Overfull \hbox (180.40562pt too wide) in paragraph at lines 33--34
[][] 
 []

[8 <./estudio_online/estudio1.png> <./estudio_online/estudio2.png>]
<datosDemograficos/edad.png, id=50, 602.25pt x 372.39125pt>
File: datosDemograficos/edad.png Graphic file (type png)

<use datosDemograficos/edad.png>
Package pdftex.def Info: datosDemograficos/edad.png used on input line 65.
(pdftex.def)             Requested size: 180.67639pt x 111.71823pt.

<datosDemograficos/genero.png, id=51, 602.25pt x 372.39125pt>
File: datosDemograficos/genero.png Graphic file (type png)

<use datosDemograficos/genero.png>
Package pdftex.def Info: datosDemograficos/genero.png used on input line 79.
(pdftex.def)             Requested size: 180.67639pt x 111.71823pt.

<datosDemograficos/infancia.png, id=52, 602.25pt x 372.39125pt>
File: datosDemograficos/infancia.png Graphic file (type png)

<use datosDemograficos/infancia.png>
Package pdftex.def Info: datosDemograficos/infancia.png used on input line 93.
(pdftex.def)             Requested size: 180.67639pt x 111.71823pt.
 [9 <./estudio_online/estudio3.png>]
[10 <./datosDemograficos/edad.png (PNG copy)> <./datosDemograficos/genero.png (
PNG copy)> <./datosDemograficos/infancia.png (PNG copy)>]
<imagenes/plots_raw/1.png, id=59, 578.16pt x 433.62pt>
File: imagenes/plots_raw/1.png Graphic file (type png)

<use imagenes/plots_raw/1.png>
Package pdftex.def Info: imagenes/plots_raw/1.png used on input line 109.
(pdftex.def)             Requested size: 172.5pt x 129.37242pt.

<imagenes/plots_raw/2.png, id=61, 578.16pt x 433.62pt>
File: imagenes/plots_raw/2.png Graphic file (type png)

<use imagenes/plots_raw/2.png>
Package pdftex.def Info: imagenes/plots_raw/2.png used on input line 110.
(pdftex.def)             Requested size: 172.5pt x 129.37242pt.

Overfull \hbox (20.0pt too wide) in paragraph at lines 107--112
 []$ 
 []

[11 <./imagenes/plots_raw/1.png> <./imagenes/plots_raw/2.png>]
<imagenes/plots_raw/3.png, id=67, 578.16pt x 433.62pt>
File: imagenes/plots_raw/3.png Graphic file (type png)

<use imagenes/plots_raw/3.png>
Package pdftex.def Info: imagenes/plots_raw/3.png used on input line 124.
(pdftex.def)             Requested size: 172.5pt x 129.37242pt.

<imagenes/plots_raw/4.png, id=68, 578.16pt x 433.62pt>
File: imagenes/plots_raw/4.png Graphic file (type png)

<use imagenes/plots_raw/4.png>
Package pdftex.def Info: imagenes/plots_raw/4.png used on input line 125.
(pdftex.def)             Requested size: 172.5pt x 129.37242pt.

Overfull \hbox (20.0pt too wide) in paragraph at lines 122--127
 []$ 
 []

LaTeX Font Info:    Try loading font information for OMS+cmr on input line 137.

(/usr/share/texlive/texmf-dist/tex/latex/base/omscmr.fd
File: omscmr.fd 2014/09/29 v2.5h Standard LaTeX font definitions
)
LaTeX Font Info:    Font shape `OMS/cmr/m/n' in size <10> not available
(Font)              Font shape `OMS/cmsy/m/n' tried instead on input line 137.

<imagenes/plots_raw/5.png, id=69, 578.16pt x 433.62pt>
File: imagenes/plots_raw/5.png Graphic file (type png)

<use imagenes/plots_raw/5.png>
Package pdftex.def Info: imagenes/plots_raw/5.png used on input line 153.
(pdftex.def)             Requested size: 172.5pt x 129.37242pt.

<imagenes/plots_raw/6.png, id=70, 578.16pt x 433.62pt>
File: imagenes/plots_raw/6.png Graphic file (type png)

<use imagenes/plots_raw/6.png>
Package pdftex.def Info: imagenes/plots_raw/6.png used on input line 154.
(pdftex.def)             Requested size: 172.5pt x 129.37242pt.

Overfull \hbox (20.0pt too wide) in paragraph at lines 151--156
 []$ 
 []

<imagenes/plots_raw/7.png, id=71, 578.16pt x 433.62pt>
File: imagenes/plots_raw/7.png Graphic file (type png)

<use imagenes/plots_raw/7.png>
Package pdftex.def Info: imagenes/plots_raw/7.png used on input line 165.
(pdftex.def)             Requested size: 172.5pt x 129.37242pt.

<imagenes/plots_raw/8.png, id=72, 578.16pt x 433.62pt>
File: imagenes/plots_raw/8.png Graphic file (type png)

<use imagenes/plots_raw/8.png>
Package pdftex.def Info: imagenes/plots_raw/8.png used on input line 166.
(pdftex.def)             Requested size: 172.5pt x 129.37242pt.

Overfull \hbox (20.0pt too wide) in paragraph at lines 163--168
 []$ 
 []

[12

 <./imagenes/plots_raw/3.png> <./imagenes/plots_raw/4.png>] [13 <./imagenes/plo
ts_raw/5.png> <./imagenes/plots_raw/6.png> <./imagenes/plots_raw/7.png> <./imag
enes/plots_raw/8.png>]
<imagenes/plots_raw/9.png, id=86, 578.16pt x 433.62pt>
File: imagenes/plots_raw/9.png Graphic file (type png)

<use imagenes/plots_raw/9.png>
Package pdftex.def Info: imagenes/plots_raw/9.png used on input line 188.
(pdftex.def)             Requested size: 172.5pt x 129.37242pt.

<imagenes/plots_raw/10.png, id=87, 578.16pt x 433.62pt>
File: imagenes/plots_raw/10.png Graphic file (type png)

<use imagenes/plots_raw/10.png>
Package pdftex.def Info: imagenes/plots_raw/10.png used on input line 189.
(pdftex.def)             Requested size: 172.5pt x 129.37242pt.

Overfull \hbox (20.00002pt too wide) in paragraph at lines 186--191
 []$ 
 []

[14 <./imagenes/plots_raw/9.png> <./imagenes/plots_raw/10.png>]
<imagenes/plots_normalized/1.png, id=93, 578.16pt x 433.62pt>
File: imagenes/plots_normalized/1.png Graphic file (type png)

<use imagenes/plots_normalized/1.png>
Package pdftex.def Info: imagenes/plots_normalized/1.png used on input line 202
.
(pdftex.def)             Requested size: 172.5pt x 129.37242pt.

<imagenes/plots_normalized/2.png, id=94, 578.16pt x 433.62pt>
File: imagenes/plots_normalized/2.png Graphic file (type png)

<use imagenes/plots_normalized/2.png>
Package pdftex.def Info: imagenes/plots_normalized/2.png used on input line 203
.
(pdftex.def)             Requested size: 172.5pt x 129.37242pt.

Overfull \hbox (20.0pt too wide) in paragraph at lines 200--205
 []$ 
 []

<imagenes/plots_normalized/3.png, id=95, 578.16pt x 433.62pt>
File: imagenes/plots_normalized/3.png Graphic file (type png)

<use imagenes/plots_normalized/3.png>
Package pdftex.def Info: imagenes/plots_normalized/3.png used on input line 213
.
(pdftex.def)             Requested size: 172.5pt x 129.37242pt.

<imagenes/plots_normalized/4.png, id=96, 578.16pt x 433.62pt>
File: imagenes/plots_normalized/4.png Graphic file (type png)

<use imagenes/plots_normalized/4.png>
Package pdftex.def Info: imagenes/plots_normalized/4.png used on input line 214
.
(pdftex.def)             Requested size: 172.5pt x 129.37242pt.

Overfull \hbox (20.0pt too wide) in paragraph at lines 211--216
 []$ 
 []

<imagenes/plots_normalized/5.png, id=97, 578.16pt x 433.62pt>
File: imagenes/plots_normalized/5.png Graphic file (type png)

<use imagenes/plots_normalized/5.png>
Package pdftex.def Info: imagenes/plots_normalized/5.png used on input line 224
.
(pdftex.def)             Requested size: 172.5pt x 129.37242pt.

<imagenes/plots_normalized/6.png, id=98, 578.16pt x 433.62pt>
File: imagenes/plots_normalized/6.png Graphic file (type png)

<use imagenes/plots_normalized/6.png>
Package pdftex.def Info: imagenes/plots_normalized/6.png used on input line 225
.
(pdftex.def)             Requested size: 172.5pt x 129.37242pt.

Overfull \hbox (20.0pt too wide) in paragraph at lines 222--227
 []$ 
 []

<imagenes/plots_normalized/7.png, id=99, 578.16pt x 433.62pt>
File: imagenes/plots_normalized/7.png Graphic file (type png)

<use imagenes/plots_normalized/7.png>
Package pdftex.def Info: imagenes/plots_normalized/7.png used on input line 236
.
(pdftex.def)             Requested size: 172.5pt x 129.37242pt.

<imagenes/plots_normalized/8.png, id=100, 578.16pt x 433.62pt>
File: imagenes/plots_normalized/8.png Graphic file (type png)

<use imagenes/plots_normalized/8.png>
Package pdftex.def Info: imagenes/plots_normalized/8.png used on input line 237
.
(pdftex.def)             Requested size: 172.5pt x 129.37242pt.

Overfull \hbox (20.0pt too wide) in paragraph at lines 234--239
 []$ 
 []

<imagenes/plots_normalized/9.png, id=101, 578.16pt x 433.62pt>
File: imagenes/plots_normalized/9.png Graphic file (type png)

<use imagenes/plots_normalized/9.png>
Package pdftex.def Info: imagenes/plots_normalized/9.png used on input line 247
.
(pdftex.def)             Requested size: 172.5pt x 129.37242pt.

<imagenes/plots_normalized/10.png, id=102, 578.16pt x 433.62pt>
File: imagenes/plots_normalized/10.png Graphic file (type png)

<use imagenes/plots_normalized/10.png>
Package pdftex.def Info: imagenes/plots_normalized/10.png used on input line 24
8.
(pdftex.def)             Requested size: 172.5pt x 129.37242pt.

Overfull \hbox (20.0pt too wide) in paragraph at lines 245--250
 []$ 
 []

[15

 <./imagenes/plots_normalized/1.png> <./imagenes/plots_normalized/2.png> <./ima
genes/plots_normalized/3.png> <./imagenes/plots_normalized/4.png>] [16 <./image
nes/plots_normalized/5.png> <./imagenes/plots_normalized/6.png> <./imagenes/plo
ts_normalized/7.png> <./imagenes/plots_normalized/8.png> <./imagenes/plots_norm
alized/9.png> <./imagenes/plots_normalized/10.png>] [17]
<imagenes/nacionalidades/1.png, id=122, 602.25pt x 372.39125pt>
File: imagenes/nacionalidades/1.png Graphic file (type png)

<use imagenes/nacionalidades/1.png>
Package pdftex.def Info: imagenes/nacionalidades/1.png used on input line 315.
(pdftex.def)             Requested size: 172.5pt x 106.66104pt.

<imagenes/nacionalidades/2.png, id=123, 602.25pt x 372.39125pt>
File: imagenes/nacionalidades/2.png Graphic file (type png)

<use imagenes/nacionalidades/2.png>
Package pdftex.def Info: imagenes/nacionalidades/2.png used on input line 316.
(pdftex.def)             Requested size: 172.5pt x 106.66104pt.

Overfull \hbox (20.0pt too wide) in paragraph at lines 313--318
 []$ 
 []

<imagenes/nacionalidades/3.png, id=124, 602.25pt x 372.39125pt>
File: imagenes/nacionalidades/3.png Graphic file (type png)

<use imagenes/nacionalidades/3.png>
Package pdftex.def Info: imagenes/nacionalidades/3.png used on input line 328.
(pdftex.def)             Requested size: 172.5pt x 106.66104pt.

<imagenes/nacionalidades/4.png, id=125, 602.25pt x 372.39125pt>
File: imagenes/nacionalidades/4.png Graphic file (type png)

<use imagenes/nacionalidades/4.png>
Package pdftex.def Info: imagenes/nacionalidades/4.png used on input line 329.
(pdftex.def)             Requested size: 172.5pt x 106.66104pt.

Overfull \hbox (20.0pt too wide) in paragraph at lines 326--331
 []$ 
 []

[18

 <./imagenes/nacionalidades/1.png (PNG copy)> <./imagenes/nacionalidades/2.png 
(PNG copy)>]
<imagenes/nacionalidades/5.png, id=130, 602.25pt x 372.39125pt>
File: imagenes/nacionalidades/5.png Graphic file (type png)

<use imagenes/nacionalidades/5.png>
Package pdftex.def Info: imagenes/nacionalidades/5.png used on input line 355.
(pdftex.def)             Requested size: 172.5pt x 106.66104pt.

<imagenes/nacionalidades/6.png, id=131, 602.25pt x 372.39125pt>
File: imagenes/nacionalidades/6.png Graphic file (type png)

<use imagenes/nacionalidades/6.png>
Package pdftex.def Info: imagenes/nacionalidades/6.png used on input line 356.
(pdftex.def)             Requested size: 172.5pt x 106.66104pt.

Overfull \hbox (20.0pt too wide) in paragraph at lines 353--358
 []$ 
 []

<imagenes/nacionalidades/7.png, id=132, 602.25pt x 372.39125pt>
File: imagenes/nacionalidades/7.png Graphic file (type png)

<use imagenes/nacionalidades/7.png>
Package pdftex.def Info: imagenes/nacionalidades/7.png used on input line 368.
(pdftex.def)             Requested size: 172.5pt x 106.66104pt.

<imagenes/nacionalidades/8.png, id=133, 602.25pt x 372.39125pt>
File: imagenes/nacionalidades/8.png Graphic file (type png)

<use imagenes/nacionalidades/8.png>
Package pdftex.def Info: imagenes/nacionalidades/8.png used on input line 369.
(pdftex.def)             Requested size: 172.5pt x 106.66104pt.

Overfull \hbox (20.0pt too wide) in paragraph at lines 366--371
 []$ 
 []

<imagenes/nacionalidades/9.png, id=134, 602.25pt x 372.39125pt>
File: imagenes/nacionalidades/9.png Graphic file (type png)

<use imagenes/nacionalidades/9.png>
Package pdftex.def Info: imagenes/nacionalidades/9.png used on input line 381.
(pdftex.def)             Requested size: 172.5pt x 106.66104pt.

<imagenes/nacionalidades/10.png, id=135, 602.25pt x 372.39125pt>
File: imagenes/nacionalidades/10.png Graphic file (type png)

<use imagenes/nacionalidades/10.png>
Package pdftex.def Info: imagenes/nacionalidades/10.png used on input line 382.

(pdftex.def)             Requested size: 172.5pt x 106.66104pt.

Overfull \hbox (20.0pt too wide) in paragraph at lines 379--384
 []$ 
 []

[19 <./imagenes/nacionalidades/3.png (PNG copy)> <./imagenes/nacionalidades/4.p
ng (PNG copy)> <./imagenes/nacionalidades/5.png (PNG copy)> <./imagenes/naciona
lidades/6.png (PNG copy)>]
<imagenes/nacVsPlot/1.png, id=139, 578.16pt x 433.62pt>
File: imagenes/nacVsPlot/1.png Graphic file (type png)

<use imagenes/nacVsPlot/1.png>
Package pdftex.def Info: imagenes/nacVsPlot/1.png used on input line 401.
(pdftex.def)             Requested size: 172.5pt x 129.37242pt.

<imagenes/nacVsPlot/2.png, id=140, 578.16pt x 433.62pt>
File: imagenes/nacVsPlot/2.png Graphic file (type png)

<use imagenes/nacVsPlot/2.png>
Package pdftex.def Info: imagenes/nacVsPlot/2.png used on input line 402.
(pdftex.def)             Requested size: 172.5pt x 129.37242pt.

Overfull \hbox (20.0pt too wide) in paragraph at lines 399--404
 []$ 
 []

<imagenes/nacVsPlot/3.png, id=141, 578.16pt x 433.62pt>
File: imagenes/nacVsPlot/3.png Graphic file (type png)

<use imagenes/nacVsPlot/3.png>
Package pdftex.def Info: imagenes/nacVsPlot/3.png used on input line 412.
(pdftex.def)             Requested size: 172.5pt x 129.37242pt.

<imagenes/nacVsPlot/4.png, id=142, 578.16pt x 433.62pt>
File: imagenes/nacVsPlot/4.png Graphic file (type png)

<use imagenes/nacVsPlot/4.png>
Package pdftex.def Info: imagenes/nacVsPlot/4.png used on input line 413.
(pdftex.def)             Requested size: 172.5pt x 129.37242pt.

Overfull \hbox (20.0pt too wide) in paragraph at lines 410--415
 []$ 
 []

<imagenes/nacVsPlot/5.png, id=143, 578.16pt x 433.62pt>
File: imagenes/nacVsPlot/5.png Graphic file (type png)

<use imagenes/nacVsPlot/5.png>
Package pdftex.def Info: imagenes/nacVsPlot/5.png used on input line 423.
(pdftex.def)             Requested size: 172.5pt x 129.37242pt.

<imagenes/nacVsPlot/6.png, id=144, 578.16pt x 433.62pt>
File: imagenes/nacVsPlot/6.png Graphic file (type png)

<use imagenes/nacVsPlot/6.png>
Package pdftex.def Info: imagenes/nacVsPlot/6.png used on input line 424.
(pdftex.def)             Requested size: 172.5pt x 129.37242pt.

Overfull \hbox (20.0pt too wide) in paragraph at lines 421--426
 []$ 
 []

<imagenes/nacVsPlot/7.png, id=145, 578.16pt x 433.62pt>
File: imagenes/nacVsPlot/7.png Graphic file (type png)

<use imagenes/nacVsPlot/7.png>
Package pdftex.def Info: imagenes/nacVsPlot/7.png used on input line 434.
(pdftex.def)             Requested size: 172.5pt x 129.37242pt.

<imagenes/nacVsPlot/8.png, id=146, 578.16pt x 433.62pt>
File: imagenes/nacVsPlot/8.png Graphic file (type png)

<use imagenes/nacVsPlot/8.png>
Package pdftex.def Info: imagenes/nacVsPlot/8.png used on input line 435.
(pdftex.def)             Requested size: 172.5pt x 129.37242pt.

Overfull \hbox (20.0pt too wide) in paragraph at lines 432--437
 []$ 
 []

<imagenes/nacVsPlot/9.png, id=147, 578.16pt x 433.62pt>
File: imagenes/nacVsPlot/9.png Graphic file (type png)

<use imagenes/nacVsPlot/9.png>
Package pdftex.def Info: imagenes/nacVsPlot/9.png used on input line 445.
(pdftex.def)             Requested size: 172.5pt x 129.37242pt.

<imagenes/nacVsPlot/10.png, id=148, 578.16pt x 433.62pt>
File: imagenes/nacVsPlot/10.png Graphic file (type png)

<use imagenes/nacVsPlot/10.png>
Package pdftex.def Info: imagenes/nacVsPlot/10.png used on input line 446.
(pdftex.def)             Requested size: 172.5pt x 129.37242pt.

Overfull \hbox (20.0pt too wide) in paragraph at lines 443--448
 []$ 
 []

) [20 <./imagenes/nacionalidades/7.png (PNG copy)> <./imagenes/nacionalidades/8
.png (PNG copy)> <./imagenes/nacionalidades/9.png (PNG copy)> <./imagenes/nacio
nalidades/10.png (PNG copy)>] [21 <./imagenes/nacVsPlot/1.png> <./imagenes/nacV
sPlot/2.png> <./imagenes/nacVsPlot/3.png> <./imagenes/nacVsPlot/4.png> <./image
nes/nacVsPlot/5.png> <./imagenes/nacVsPlot/6.png>] [22 <./imagenes/nacVsPlot/7.
png> <./imagenes/nacVsPlot/8.png> <./imagenes/nacVsPlot/9.png> <./imagenes/nacV
sPlot/10.png>] (./apendice.tex [23]) [24] (./referencias.tex
Overfull \hbox (219.63899pt too wide) in paragraph at lines 6--8
\OT1/cmr/m/n/10 Kis-ho-re Praha-llad, Alan W Black and Ra-vis-hank-har Mo-sur h
ttps://www.cs.cmu.edu/ awb/papers/ICASSP2006/0100853.pdf 
 []

) [25] (./informe.aux
LaTeX Info: Redefining \. on input line 6.
LaTeX Info: Redefining \% on input line 6.
)

LaTeX Warning: There were multiply-defined labels.

 ) 
Here is how much of TeX's memory you used:
 2975 strings out of 494891
 42632 string characters out of 6179039
 111575 words of memory out of 5000000
 6203 multiletter control sequences out of 15000+600000
 6232 words of font info for 23 fonts, out of 8000000 for 9000
 40 hyphenation exceptions out of 8191
 37i,11n,30p,627b,384s stack positions out of 5000i,500n,10000p,200000b,80000s
</usr/share/texlive/texmf-dist/fonts/type1/public/amsfonts/cm/cmbx10.pfb></us
r/share/texlive/texmf-dist/fonts/type1/public/amsfonts/cm/cmbx12.pfb></usr/shar
e/texlive/texmf-dist/fonts/type1/public/amsfonts/cm/cmmi10.pfb></usr/share/texl
ive/texmf-dist/fonts/type1/public/amsfonts/cm/cmmi7.pfb></usr/share/texlive/tex
mf-dist/fonts/type1/public/amsfonts/cm/cmr10.pfb></usr/share/texlive/texmf-dist
/fonts/type1/public/amsfonts/cm/cmr12.pfb></usr/share/texlive/texmf-dist/fonts/
type1/public/amsfonts/cm/cmr7.pfb></usr/share/texlive/texmf-dist/fonts/type1/pu
blic/amsfonts/cm/cmss10.pfb></usr/share/texlive/texmf-dist/fonts/type1/public/a
msfonts/cm/cmssbx10.pfb></usr/share/texlive/texmf-dist/fonts/type1/public/amsfo
nts/cm/cmsy10.pfb></usr/share/texlive/texmf-dist/fonts/type1/public/amsfonts/cm
/cmtt10.pfb>
Output written on informe.pdf (26 pages, 2211184 bytes).
PDF statistics:
 214 PDF objects out of 1000 (max. 8388607)
 93 compressed objects within 1 object stream
 0 named destinations out of 1000 (max. 500000)
 256 words of extra memory for PDF output out of 10000 (max. 10000000)

