This file contains any messages produced by compilers while
running configure, to aid debugging if configure makes a mistake.

It was created by HTS-demo_CMU-ARCTIC-SLT configure 2.3, which was
generated by GNU Autoconf 2.69.  Invocation command line was

  $ ./configure 

## --------- ##
## Platform. ##
## --------- ##

hostname = franck-Pc
uname -m = x86_64
uname -r = 4.4.0-49-generic
uname -s = Linux
uname -v = #70-Ubuntu SMP Fri Nov 11 16:40:34 UTC 2016

/usr/bin/uname -p = unknown
/bin/uname -X     = unknown

/bin/arch              = unknown
/usr/bin/arch -k       = unknown
/usr/convex/getsysinfo = unknown
/usr/bin/hostinfo      = unknown
/bin/machine           = unknown
/usr/bin/oslevel       = unknown
/bin/universe          = unknown

PATH: /usr/local/HTS-2.3/bin
PATH: /usr/local/sbin
PATH: /usr/local/bin
PATH: /usr/sbin
PATH: /usr/bin
PATH: /sbin
PATH: /bin
PATH: /usr/games
PATH: /usr/local/games
PATH: /snap/bin


## ----------- ##
## Core tests. ##
## ----------- ##

configure:1963: checking for gawk
configure:1979: found /usr/bin/gawk
configure:1990: result: gawk
configure:2005: checking for perl
configure:2024: found /usr/bin/perl
configure:2037: result: /usr/bin/perl
configure:2052: checking for wc
configure:2071: found /usr/bin/wc
configure:2084: result: /usr/bin/wc
configure:2110: checking for text2utt
configure:2142: result: :
configure:2151: error: Can't find text2utt of festival

## ---------------- ##
## Cache variables. ##
## ---------------- ##

ac_cv_env_BAPBANDWIDTH_set=
ac_cv_env_BAPBANDWIDTH_value=
ac_cv_env_BAPORDER_set=
ac_cv_env_BAPORDER_value=
ac_cv_env_CDGV_set=
ac_cv_env_CDGV_value=
ac_cv_env_DAEMALPHA_set=
ac_cv_env_DAEMALPHA_value=
ac_cv_env_DAEMNITER_set=
ac_cv_env_DAEMNITER_value=
ac_cv_env_DAEM_set=
ac_cv_env_DAEM_value=
ac_cv_env_DATASET_set=
ac_cv_env_DATASET_value=
ac_cv_env_EMEPSILON_set=
ac_cv_env_EMEPSILON_value=
ac_cv_env_FFTLEN_set=
ac_cv_env_FFTLEN_value=
ac_cv_env_FRAMELEN_set=
ac_cv_env_FRAMELEN_value=
ac_cv_env_FRAMESHIFT_set=
ac_cv_env_FRAMESHIFT_value=
ac_cv_env_FREQWARP_set=
ac_cv_env_FREQWARP_value=
ac_cv_env_FULLCONTEXT_FORMAT_set=
ac_cv_env_FULLCONTEXT_FORMAT_value=
ac_cv_env_FULLCONTEXT_VERSION_set=
ac_cv_env_FULLCONTEXT_VERSION_value=
ac_cv_env_GAMMA_set=
ac_cv_env_GAMMA_value=
ac_cv_env_GVEPSILON_set=
ac_cv_env_GVEPSILON_value=
ac_cv_env_GVWEIGHT_set=
ac_cv_env_GVWEIGHT_value=
ac_cv_env_HMMWEIGHT_set=
ac_cv_env_HMMWEIGHT_value=
ac_cv_env_IMPLEN_set=
ac_cv_env_IMPLEN_value=
ac_cv_env_LF0BANDWIDTH_set=
ac_cv_env_LF0BANDWIDTH_value=
ac_cv_env_LNGAIN_set=
ac_cv_env_LNGAIN_value=
ac_cv_env_LOWERF0_set=
ac_cv_env_LOWERF0_value=
ac_cv_env_MAXDEV_set=
ac_cv_env_MAXDEV_value=
ac_cv_env_MAXEMITER_set=
ac_cv_env_MAXEMITER_value=
ac_cv_env_MAXGVITER_set=
ac_cv_env_MAXGVITER_value=
ac_cv_env_MGCBANDWIDTH_set=
ac_cv_env_MGCBANDWIDTH_value=
ac_cv_env_MGCORDER_set=
ac_cv_env_MGCORDER_value=
ac_cv_env_MINDUR_set=
ac_cv_env_MINDUR_value=
ac_cv_env_MINEUCNORM_set=
ac_cv_env_MINEUCNORM_value=
ac_cv_env_NBAPTRANSBLK_set=
ac_cv_env_NBAPTRANSBLK_value=
ac_cv_env_NBAPWIN_set=
ac_cv_env_NBAPWIN_value=
ac_cv_env_NITER_set=
ac_cv_env_NITER_value=
ac_cv_env_NLF0TRANSBLK_set=
ac_cv_env_NLF0TRANSBLK_value=
ac_cv_env_NLF0WIN_set=
ac_cv_env_NLF0WIN_value=
ac_cv_env_NMGCTRANSBLK_set=
ac_cv_env_NMGCTRANSBLK_value=
ac_cv_env_NMGCWIN_set=
ac_cv_env_NMGCWIN_value=
ac_cv_env_NORMALIZE_set=
ac_cv_env_NORMALIZE_value=
ac_cv_env_NOSILGV_set=
ac_cv_env_NOSILGV_value=
ac_cv_env_NSTATE_set=
ac_cv_env_NSTATE_value=
ac_cv_env_OPTKIND_set=
ac_cv_env_OPTKIND_value=
ac_cv_env_PGTYPE_set=
ac_cv_env_PGTYPE_value=
ac_cv_env_PSTFILTER_LSP_set=
ac_cv_env_PSTFILTER_LSP_value=
ac_cv_env_PSTFILTER_MCP_set=
ac_cv_env_PSTFILTER_MCP_value=
ac_cv_env_QNUM_set=
ac_cv_env_QNUM_value=
ac_cv_env_SAMPFREQ_set=
ac_cv_env_SAMPFREQ_value=
ac_cv_env_SPEAKER_set=
ac_cv_env_SPEAKER_value=
ac_cv_env_STEPDEC_set=
ac_cv_env_STEPDEC_value=
ac_cv_env_STEPINC_set=
ac_cv_env_STEPINC_value=
ac_cv_env_STEPINIT_set=
ac_cv_env_STEPINIT_value=
ac_cv_env_UPPERF0_set=
ac_cv_env_UPPERF0_value=
ac_cv_env_USEGV_set=
ac_cv_env_USEGV_value=
ac_cv_env_USEMSPF_set=
ac_cv_env_USEMSPF_value=
ac_cv_env_USESTRAIGHT_set=
ac_cv_env_USESTRAIGHT_value=
ac_cv_env_USEUTT_set=
ac_cv_env_USEUTT_value=
ac_cv_env_VER_set=
ac_cv_env_VER_value=
ac_cv_env_WFLOOR_set=
ac_cv_env_WFLOOR_value=
ac_cv_env_WINDOWTYPE_set=
ac_cv_env_WINDOWTYPE_value=
ac_cv_env_build_alias_set=
ac_cv_env_build_alias_value=
ac_cv_env_host_alias_set=
ac_cv_env_host_alias_value=
ac_cv_env_target_alias_set=
ac_cv_env_target_alias_value=
ac_cv_path_PERL=/usr/bin/perl
ac_cv_path_TEXT2UTT=:
ac_cv_path_WC=/usr/bin/wc
ac_cv_prog_AWK=gawk

## ----------------- ##
## Output variables. ##
## ----------------- ##

AWK='gawk'
B2MC=''
BAPBANDWIDTH=''
BAPORDER=''
BAPSTREN=''
BAPSTRST=''
BAPVSIZE=''
BCP=''
BCUT=''
C2ACR=''
CDGV=''
DAEM=''
DAEMALPHA=''
DAEMNITER=''
DATASET=''
DEFS=''
DFS=''
DUMPFEATS=''
ECHO_C=''
ECHO_N='-n'
ECHO_T=''
EMEPSILON=''
ENGINE=''
EXCITE=''
FFTLEN=''
FRAME=''
FRAMELEN=''
FRAMESHIFT=''
FREQT=''
FREQWARP=''
FULLCONTEXT_FORMAT=''
FULLCONTEXT_VERSION=''
GAMMA=''
GVEPSILON=''
GVWEIGHT=''
HCOMPV=''
HEREST=''
HHED=''
HINIT=''
HLIST=''
HMGENS=''
HMMWEIGHT=''
HREST=''
HSMMALIGN=''
IFFTR=''
IMPLEN=''
LF0BANDWIDTH=''
LF0STREN=''
LF0STRST=''
LIBOBJS=''
LIBS=''
LNGAIN=''
LOWERF0=''
LPC2LSP=''
LSP2LPC=''
LSPCHECK=''
LTLIBOBJS=''
MATLAB=''
MAXDEV=''
MAXEMITER=''
MAXGVITER=''
MC2B=''
MERGE=''
MGC2MGC=''
MGC2SP=''
MGCBANDWIDTH=''
MGCEP=''
MGCORDER=''
MGCSTREN=''
MGCSTRST=''
MGCVSIZE=''
MGLSADF=''
MINDUR=''
MINEUCNORM=''
MINMAX=''
NAN=''
NBAPTRANSBLK=''
NBAPWIN=''
NITER=''
NLF0TRANSBLK=''
NLF0WIN=''
NMGCTRANSBLK=''
NMGCWIN=''
NORMALIZE=''
NOSILGV=''
NSTATE=''
OPTKIND=''
PACKAGE_BUGREPORT='hts-users@sp.nitech.ac.jp'
PACKAGE_NAME='HTS-demo_CMU-ARCTIC-SLT'
PACKAGE_STRING='HTS-demo_CMU-ARCTIC-SLT 2.3'
PACKAGE_TARNAME='hts-demo_cmu-arctic-slt'
PACKAGE_URL=''
PACKAGE_VERSION='2.3'
PATH_SEPARATOR=':'
PERL='/usr/bin/perl'
PGTYPE=''
PHASE=''
PITCH=''
PSTFILTER_LSP=''
PSTFILTER_MCP=''
PWD='/home/franco/htk/habla_utils/main'
QNUM=''
RAW2WAV=''
SAMPFREQ=''
SHELL='/bin/bash'
SOPR=''
SPEAKER=''
SPEC=''
STEPDEC=''
STEPINC=''
STEPINIT=''
STRAIGHT=''
SWAB=''
TEXT2UTT=':'
TRANSPOSE=''
UPPERF0=''
USEGV=''
USEMSPF=''
USESTRAIGHT=''
USEUTT=''
VER=''
VOPR=''
VSTAT=''
VSUM=''
WC='/usr/bin/wc'
WFLOOR=''
WINDOW=''
WINDOWTYPE=''
X2X=''
bindir='${exec_prefix}/bin'
build_alias=''
datadir='${datarootdir}'
datarootdir='${prefix}/share'
docdir='${datarootdir}/doc/${PACKAGE_TARNAME}'
dvidir='${docdir}'
exec_prefix='NONE'
host_alias=''
htmldir='${docdir}'
includedir='${prefix}/include'
infodir='${datarootdir}/info'
libdir='${exec_prefix}/lib'
libexecdir='${exec_prefix}/libexec'
localedir='${datarootdir}/locale'
localstatedir='${prefix}/var'
mandir='${datarootdir}/man'
oldincludedir='/usr/include'
pdfdir='${docdir}'
prefix='NONE'
program_transform_name='s,x,x,'
psdir='${docdir}'
sbindir='${exec_prefix}/sbin'
sharedstatedir='${prefix}/com'
sysconfdir='${prefix}/etc'
target_alias=''

## ----------- ##
## confdefs.h. ##
## ----------- ##

/* confdefs.h */
#define PACKAGE_NAME "HTS-demo_CMU-ARCTIC-SLT"
#define PACKAGE_TARNAME "hts-demo_cmu-arctic-slt"
#define PACKAGE_VERSION "2.3"
#define PACKAGE_STRING "HTS-demo_CMU-ARCTIC-SLT 2.3"
#define PACKAGE_BUGREPORT "hts-users@sp.nitech.ac.jp"
#define PACKAGE_URL ""

configure: exit 1
