This is pdfTeX, Version 3.14159265-2.6-1.40.16 (TeX Live 2015/Debian) (preloaded format=pdflatex 2017.10.5)  15 FEB 2018 21:29
entering extended mode
 restricted \write18 enabled.
 %&-line parsing enabled.
**informe.tex
(./informe.tex
LaTeX2e <2016/02/01>
Babel <3.9q> and hyphenation patterns for 6 language(s) loaded.
(/usr/share/texlive/texmf-dist/tex/latex/base/article.cls
Document Class: article 2014/09/29 v1.4h Standard LaTeX document class
(/usr/share/texlive/texmf-dist/tex/latex/base/size10.clo
File: size10.clo 2014/09/29 v1.4h Standard LaTeX file (size option)
)
\c@part=\count79
\c@section=\count80
\c@subsection=\count81
\c@subsubsection=\count82
\c@paragraph=\count83
\c@subparagraph=\count84
\c@figure=\count85
\c@table=\count86
\abovecaptionskip=\skip41
\belowcaptionskip=\skip42
\bibindent=\dimen102
)
(/usr/share/texlive/texmf-dist/tex/generic/babel/babel.sty
Package: babel 2016/02/24 3.9q The Babel package

(/usr/share/texlive/texmf-dist/tex/generic/babel-spanish/spanish.ldf
Language: spanish.ldf 2016/01/15 v5.0o Spanish support from the babel system

(/usr/share/texlive/texmf-dist/tex/generic/babel/babel.def
File: babel.def 2016/02/24 3.9q Babel common definitions
\babel@savecnt=\count87
\U@D=\dimen103
)
\es@quottoks=\toks14
\es@quotdepth=\count88
Package babel Info: Making " an active character on input line 533.
Package babel Info: Making . an active character on input line 634.
Package babel Info: Making < an active character on input line 679.
Package babel Info: Making > an active character on input line 679.
))
(/usr/share/texlive/texmf-dist/tex/latex/base/inputenc.sty
Package: inputenc 2015/03/17 v1.2c Input encoding file
\inpenc@prehook=\toks15
\inpenc@posthook=\toks16

(/usr/share/texlive/texmf-dist/tex/latex/base/utf8.def
File: utf8.def 2015/12/03 v1.1r UTF-8 support for inputenc
Now handling font encoding OML ...
... no UTF-8 mapping file for font encoding OML
Now handling font encoding T1 ...
... processing UTF-8 mapping file for font encoding T1

(/usr/share/texlive/texmf-dist/tex/latex/base/t1enc.dfu
File: t1enc.dfu 2015/12/03 v1.1r UTF-8 support for inputenc
   defining Unicode char U+00A0 (decimal 160)
   defining Unicode char U+00A1 (decimal 161)
   defining Unicode char U+00A3 (decimal 163)
   defining Unicode char U+00AB (decimal 171)
   defining Unicode char U+00AD (decimal 173)
   defining Unicode char U+00BB (decimal 187)
   defining Unicode char U+00BF (decimal 191)
   defining Unicode char U+00C0 (decimal 192)
   defining Unicode char U+00C1 (decimal 193)
   defining Unicode char U+00C2 (decimal 194)
   defining Unicode char U+00C3 (decimal 195)
   defining Unicode char U+00C4 (decimal 196)
   defining Unicode char U+00C5 (decimal 197)
   defining Unicode char U+00C6 (decimal 198)
   defining Unicode char U+00C7 (decimal 199)
   defining Unicode char U+00C8 (decimal 200)
   defining Unicode char U+00C9 (decimal 201)
   defining Unicode char U+00CA (decimal 202)
   defining Unicode char U+00CB (decimal 203)
   defining Unicode char U+00CC (decimal 204)
   defining Unicode char U+00CD (decimal 205)
   defining Unicode char U+00CE (decimal 206)
   defining Unicode char U+00CF (decimal 207)
   defining Unicode char U+00D0 (decimal 208)
   defining Unicode char U+00D1 (decimal 209)
   defining Unicode char U+00D2 (decimal 210)
   defining Unicode char U+00D3 (decimal 211)
   defining Unicode char U+00D4 (decimal 212)
   defining Unicode char U+00D5 (decimal 213)
   defining Unicode char U+00D6 (decimal 214)
   defining Unicode char U+00D8 (decimal 216)
   defining Unicode char U+00D9 (decimal 217)
   defining Unicode char U+00DA (decimal 218)
   defining Unicode char U+00DB (decimal 219)
   defining Unicode char U+00DC (decimal 220)
   defining Unicode char U+00DD (decimal 221)
   defining Unicode char U+00DE (decimal 222)
   defining Unicode char U+00DF (decimal 223)
   defining Unicode char U+00E0 (decimal 224)
   defining Unicode char U+00E1 (decimal 225)
   defining Unicode char U+00E2 (decimal 226)
   defining Unicode char U+00E3 (decimal 227)
   defining Unicode char U+00E4 (decimal 228)
   defining Unicode char U+00E5 (decimal 229)
   defining Unicode char U+00E6 (decimal 230)
   defining Unicode char U+00E7 (decimal 231)
   defining Unicode char U+00E8 (decimal 232)
   defining Unicode char U+00E9 (decimal 233)
   defining Unicode char U+00EA (decimal 234)
   defining Unicode char U+00EB (decimal 235)
   defining Unicode char U+00EC (decimal 236)
   defining Unicode char U+00ED (decimal 237)
   defining Unicode char U+00EE (decimal 238)
   defining Unicode char U+00EF (decimal 239)
   defining Unicode char U+00F0 (decimal 240)
   defining Unicode char U+00F1 (decimal 241)
   defining Unicode char U+00F2 (decimal 242)
   defining Unicode char U+00F3 (decimal 243)
   defining Unicode char U+00F4 (decimal 244)
   defining Unicode char U+00F5 (decimal 245)
   defining Unicode char U+00F6 (decimal 246)
   defining Unicode char U+00F8 (decimal 248)
   defining Unicode char U+00F9 (decimal 249)
   defining Unicode char U+00FA (decimal 250)
   defining Unicode char U+00FB (decimal 251)
   defining Unicode char U+00FC (decimal 252)
   defining Unicode char U+00FD (decimal 253)
   defining Unicode char U+00FE (decimal 254)
   defining Unicode char U+00FF (decimal 255)
   defining Unicode char U+0100 (decimal 256)
   defining Unicode char U+0101 (decimal 257)
   defining Unicode char U+0102 (decimal 258)
   defining Unicode char U+0103 (decimal 259)
   defining Unicode char U+0104 (decimal 260)
   defining Unicode char U+0105 (decimal 261)
   defining Unicode char U+0106 (decimal 262)
   defining Unicode char U+0107 (decimal 263)
   defining Unicode char U+0108 (decimal 264)
   defining Unicode char U+0109 (decimal 265)
   defining Unicode char U+010A (decimal 266)
   defining Unicode char U+010B (decimal 267)
   defining Unicode char U+010C (decimal 268)
   defining Unicode char U+010D (decimal 269)
   defining Unicode char U+010E (decimal 270)
   defining Unicode char U+010F (decimal 271)
   defining Unicode char U+0110 (decimal 272)
   defining Unicode char U+0111 (decimal 273)
   defining Unicode char U+0112 (decimal 274)
   defining Unicode char U+0113 (decimal 275)
   defining Unicode char U+0114 (decimal 276)
   defining Unicode char U+0115 (decimal 277)
   defining Unicode char U+0116 (decimal 278)
   defining Unicode char U+0117 (decimal 279)
   defining Unicode char U+0118 (decimal 280)
   defining Unicode char U+0119 (decimal 281)
   defining Unicode char U+011A (decimal 282)
   defining Unicode char U+011B (decimal 283)
   defining Unicode char U+011C (decimal 284)
   defining Unicode char U+011D (decimal 285)
   defining Unicode char U+011E (decimal 286)
   defining Unicode char U+011F (decimal 287)
   defining Unicode char U+0120 (decimal 288)
   defining Unicode char U+0121 (decimal 289)
   defining Unicode char U+0122 (decimal 290)
   defining Unicode char U+0123 (decimal 291)
   defining Unicode char U+0124 (decimal 292)
   defining Unicode char U+0125 (decimal 293)
   defining Unicode char U+0128 (decimal 296)
   defining Unicode char U+0129 (decimal 297)
   defining Unicode char U+012A (decimal 298)
   defining Unicode char U+012B (decimal 299)
   defining Unicode char U+012C (decimal 300)
   defining Unicode char U+012D (decimal 301)
   defining Unicode char U+012E (decimal 302)
   defining Unicode char U+012F (decimal 303)
   defining Unicode char U+0130 (decimal 304)
   defining Unicode char U+0131 (decimal 305)
   defining Unicode char U+0132 (decimal 306)
   defining Unicode char U+0133 (decimal 307)
   defining Unicode char U+0134 (decimal 308)
   defining Unicode char U+0135 (decimal 309)
   defining Unicode char U+0136 (decimal 310)
   defining Unicode char U+0137 (decimal 311)
   defining Unicode char U+0139 (decimal 313)
   defining Unicode char U+013A (decimal 314)
   defining Unicode char U+013B (decimal 315)
   defining Unicode char U+013C (decimal 316)
   defining Unicode char U+013D (decimal 317)
   defining Unicode char U+013E (decimal 318)
   defining Unicode char U+0141 (decimal 321)
   defining Unicode char U+0142 (decimal 322)
   defining Unicode char U+0143 (decimal 323)
   defining Unicode char U+0144 (decimal 324)
   defining Unicode char U+0145 (decimal 325)
   defining Unicode char U+0146 (decimal 326)
   defining Unicode char U+0147 (decimal 327)
   defining Unicode char U+0148 (decimal 328)
   defining Unicode char U+014A (decimal 330)
   defining Unicode char U+014B (decimal 331)
   defining Unicode char U+014C (decimal 332)
   defining Unicode char U+014D (decimal 333)
   defining Unicode char U+014E (decimal 334)
   defining Unicode char U+014F (decimal 335)
   defining Unicode char U+0150 (decimal 336)
   defining Unicode char U+0151 (decimal 337)
   defining Unicode char U+0152 (decimal 338)
   defining Unicode char U+0153 (decimal 339)
   defining Unicode char U+0154 (decimal 340)
   defining Unicode char U+0155 (decimal 341)
   defining Unicode char U+0156 (decimal 342)
   defining Unicode char U+0157 (decimal 343)
   defining Unicode char U+0158 (decimal 344)
   defining Unicode char U+0159 (decimal 345)
   defining Unicode char U+015A (decimal 346)
   defining Unicode char U+015B (decimal 347)
   defining Unicode char U+015C (decimal 348)
   defining Unicode char U+015D (decimal 349)
   defining Unicode char U+015E (decimal 350)
   defining Unicode char U+015F (decimal 351)
   defining Unicode char U+0160 (decimal 352)
   defining Unicode char U+0161 (decimal 353)
   defining Unicode char U+0162 (decimal 354)
   defining Unicode char U+0163 (decimal 355)
   defining Unicode char U+0164 (decimal 356)
   defining Unicode char U+0165 (decimal 357)
   defining Unicode char U+0168 (decimal 360)
   defining Unicode char U+0169 (decimal 361)
   defining Unicode char U+016A (decimal 362)
   defining Unicode char U+016B (decimal 363)
   defining Unicode char U+016C (decimal 364)
   defining Unicode char U+016D (decimal 365)
   defining Unicode char U+016E (decimal 366)
   defining Unicode char U+016F (decimal 367)
   defining Unicode char U+0170 (decimal 368)
   defining Unicode char U+0171 (decimal 369)
   defining Unicode char U+0172 (decimal 370)
   defining Unicode char U+0173 (decimal 371)
   defining Unicode char U+0174 (decimal 372)
   defining Unicode char U+0175 (decimal 373)
   defining Unicode char U+0176 (decimal 374)
   defining Unicode char U+0177 (decimal 375)
   defining Unicode char U+0178 (decimal 376)
   defining Unicode char U+0179 (decimal 377)
   defining Unicode char U+017A (decimal 378)
   defining Unicode char U+017B (decimal 379)
   defining Unicode char U+017C (decimal 380)
   defining Unicode char U+017D (decimal 381)
   defining Unicode char U+017E (decimal 382)
   defining Unicode char U+01CD (decimal 461)
   defining Unicode char U+01CE (decimal 462)
   defining Unicode char U+01CF (decimal 463)
   defining Unicode char U+01D0 (decimal 464)
   defining Unicode char U+01D1 (decimal 465)
   defining Unicode char U+01D2 (decimal 466)
   defining Unicode char U+01D3 (decimal 467)
   defining Unicode char U+01D4 (decimal 468)
   defining Unicode char U+01E2 (decimal 482)
   defining Unicode char U+01E3 (decimal 483)
   defining Unicode char U+01E6 (decimal 486)
   defining Unicode char U+01E7 (decimal 487)
   defining Unicode char U+01E8 (decimal 488)
   defining Unicode char U+01E9 (decimal 489)
   defining Unicode char U+01EA (decimal 490)
   defining Unicode char U+01EB (decimal 491)
   defining Unicode char U+01F0 (decimal 496)
   defining Unicode char U+01F4 (decimal 500)
   defining Unicode char U+01F5 (decimal 501)
   defining Unicode char U+0218 (decimal 536)
   defining Unicode char U+0219 (decimal 537)
   defining Unicode char U+021A (decimal 538)
   defining Unicode char U+021B (decimal 539)
   defining Unicode char U+01E02 (decimal 7682)
   defining Unicode char U+01E03 (decimal 7683)
   defining Unicode char U+200C (decimal 8204)
   defining Unicode char U+2013 (decimal 8211)
   defining Unicode char U+2014 (decimal 8212)
   defining Unicode char U+2018 (decimal 8216)
   defining Unicode char U+2019 (decimal 8217)
   defining Unicode char U+201A (decimal 8218)
   defining Unicode char U+201C (decimal 8220)
   defining Unicode char U+201D (decimal 8221)
   defining Unicode char U+201E (decimal 8222)
   defining Unicode char U+2030 (decimal 8240)
   defining Unicode char U+2031 (decimal 8241)
   defining Unicode char U+2039 (decimal 8249)
   defining Unicode char U+203A (decimal 8250)
   defining Unicode char U+2423 (decimal 9251)
)
Now handling font encoding OT1 ...
... processing UTF-8 mapping file for font encoding OT1

(/usr/share/texlive/texmf-dist/tex/latex/base/ot1enc.dfu
File: ot1enc.dfu 2015/12/03 v1.1r UTF-8 support for inputenc
   defining Unicode char U+00A0 (decimal 160)
   defining Unicode char U+00A1 (decimal 161)
   defining Unicode char U+00A3 (decimal 163)
   defining Unicode char U+00AD (decimal 173)
   defining Unicode char U+00B8 (decimal 184)
   defining Unicode char U+00BF (decimal 191)
   defining Unicode char U+00C5 (decimal 197)
   defining Unicode char U+00C6 (decimal 198)
   defining Unicode char U+00D8 (decimal 216)
   defining Unicode char U+00DF (decimal 223)
   defining Unicode char U+00E6 (decimal 230)
   defining Unicode char U+00EC (decimal 236)
   defining Unicode char U+00ED (decimal 237)
   defining Unicode char U+00EE (decimal 238)
   defining Unicode char U+00EF (decimal 239)
   defining Unicode char U+00F8 (decimal 248)
   defining Unicode char U+0131 (decimal 305)
   defining Unicode char U+0141 (decimal 321)
   defining Unicode char U+0142 (decimal 322)
   defining Unicode char U+0152 (decimal 338)
   defining Unicode char U+0153 (decimal 339)
   defining Unicode char U+0174 (decimal 372)
   defining Unicode char U+0175 (decimal 373)
   defining Unicode char U+0176 (decimal 374)
   defining Unicode char U+0177 (decimal 375)
   defining Unicode char U+0218 (decimal 536)
   defining Unicode char U+0219 (decimal 537)
   defining Unicode char U+021A (decimal 538)
   defining Unicode char U+021B (decimal 539)
   defining Unicode char U+2013 (decimal 8211)
   defining Unicode char U+2014 (decimal 8212)
   defining Unicode char U+2018 (decimal 8216)
   defining Unicode char U+2019 (decimal 8217)
   defining Unicode char U+201C (decimal 8220)
   defining Unicode char U+201D (decimal 8221)
)
Now handling font encoding OMS ...
... processing UTF-8 mapping file for font encoding OMS

(/usr/share/texlive/texmf-dist/tex/latex/base/omsenc.dfu
File: omsenc.dfu 2015/12/03 v1.1r UTF-8 support for inputenc
   defining Unicode char U+00A7 (decimal 167)
   defining Unicode char U+00B6 (decimal 182)
   defining Unicode char U+00B7 (decimal 183)
   defining Unicode char U+2020 (decimal 8224)
   defining Unicode char U+2021 (decimal 8225)
   defining Unicode char U+2022 (decimal 8226)
)
Now handling font encoding OMX ...
... no UTF-8 mapping file for font encoding OMX
Now handling font encoding U ...
... no UTF-8 mapping file for font encoding U
   defining Unicode char U+00A9 (decimal 169)
   defining Unicode char U+00AA (decimal 170)
   defining Unicode char U+00AE (decimal 174)
   defining Unicode char U+00BA (decimal 186)
   defining Unicode char U+02C6 (decimal 710)
   defining Unicode char U+02DC (decimal 732)
   defining Unicode char U+200C (decimal 8204)
   defining Unicode char U+2026 (decimal 8230)
   defining Unicode char U+2122 (decimal 8482)
   defining Unicode char U+2423 (decimal 9251)
)) (./caratula.sty
Package: caratula 2013/08/04 v0.5 Para componer caratulas de TPs del DC

(/usr/share/texlive/texmf-dist/tex/latex/base/ifthen.sty
Package: ifthen 2014/09/29 v1.1c Standard LaTeX ifthen package (DPC)
)
(/usr/share/texlive/texmf-dist/tex/latex/graphics/graphicx.sty
Package: graphicx 2014/10/28 v1.0g Enhanced LaTeX Graphics (DPC,SPQR)

(/usr/share/texlive/texmf-dist/tex/latex/graphics/keyval.sty
Package: keyval 2014/10/28 v1.15 key=value parser (DPC)
\KV@toks@=\toks17
)
(/usr/share/texlive/texmf-dist/tex/latex/graphics/graphics.sty
Package: graphics 2016/01/03 v1.0q Standard LaTeX Graphics (DPC,SPQR)

(/usr/share/texlive/texmf-dist/tex/latex/graphics/trig.sty
Package: trig 2016/01/03 v1.10 sin cos tan (DPC)
)
(/usr/share/texlive/texmf-dist/tex/latex/latexconfig/graphics.cfg
File: graphics.cfg 2010/04/23 v1.9 graphics configuration of TeX Live
)
Package graphics Info: Driver file: pdftex.def on input line 95.

(/usr/share/texlive/texmf-dist/tex/latex/pdftex-def/pdftex.def
File: pdftex.def 2011/05/27 v0.06d Graphics/color for pdfTeX

(/usr/share/texlive/texmf-dist/tex/generic/oberdiek/infwarerr.sty
Package: infwarerr 2010/04/08 v1.3 Providing info/warning/error messages (HO)
)
(/usr/share/texlive/texmf-dist/tex/generic/oberdiek/ltxcmds.sty
Package: ltxcmds 2011/11/09 v1.22 LaTeX kernel commands for general use (HO)
)
\Gread@gobject=\count89
))
\Gin@req@height=\dimen104
\Gin@req@width=\dimen105
)
Cargando package 'caratula' v0.5 (2013/08/04)
\intlist=\toks18
\intlistSinLU=\toks19
\c@integrantesCount=\count90
\intTabNombre=\toks20
\intTabLU=\toks21
\intTabEmail=\toks22
\c@directoresCount=\count91
\direcTabNombre=\toks23
\direcTabEmail=\toks24
\c@coDirectoresCount=\count92
\codirecTabNombre=\toks25
\codirecTabEmail=\toks26
) (/usr/share/texlive/texmf-dist/tex/latex/caption/caption.sty
Package: caption 2016/02/21 v3.3-144 Customizing captions (AR)

(/usr/share/texlive/texmf-dist/tex/latex/caption/caption3.sty
Package: caption3 2016/02/04 v1.7-139 caption3 kernel (AR)
Package caption3 Info: TeX engine: e-TeX on input line 67.
\captionmargin=\dimen106
\captionmargin@=\dimen107
\captionwidth=\dimen108
\caption@tempdima=\dimen109
\caption@indent=\dimen110
\caption@parindent=\dimen111
\caption@hangindent=\dimen112
)
\c@ContinuedFloat=\count93
)
(/usr/share/texlive/texmf-dist/tex/latex/floatrow/floatrow.sty
Package: floatrow 2008/08/02 v0.3b floatrow: float package extension
\c@float@type=\count94
\float@exts=\toks27
\float@box=\box26
\@floatcapt=\box27
Package floatrow Info: Modified float package code loaded on input line 455.
Package floatrow Info: Modified rotfloat package code loaded on input line 473.

\FR@everyfloat=\toks28
\flrow@foot=\insert199
\FB@wd=\dimen113
\FBo@wd=\dimen114
\FBc@wd=\dimen115
\FBo@ht=\skip43
\FBc@ht=\skip44
\FBf@ht=\skip45
\FBo@max=\skip46
\FBc@max=\skip47
\FBf@max=\skip48
\c@FBl@b=\count95
\floatbox@depth=\count96
\c@FRobj=\count97
\c@FRsobj=\count98
\Xhsize=\skip49
\sXhsize=\skip50
\Zhsize=\skip51
\sZhsize=\skip52
\flrow@rowbox=\box28
\FR@Zunitlength=\dimen116
\c@FBcnt=\count99
\FPOScnt=\count100
\LTleft=\skip53
\LTright=\skip54
\LTleft=\skip55
\LTright=\skip56
\flrow@types=\toks29
) (./informe.aux
LaTeX Info: Redefining \. on input line 6.
LaTeX Info: Redefining \% on input line 6.


LaTeX Warning: Label `pics:blablabla' multiply defined.


LaTeX Warning: Label `pics:blablabla' multiply defined.


LaTeX Warning: Label `pics:blablabla' multiply defined.


LaTeX Warning: Label `pics:blablabla' multiply defined.


LaTeX Warning: Label `pics:blablabla' multiply defined.


LaTeX Warning: Label `pics:blablabla' multiply defined.


LaTeX Warning: Label `pics:blablabla' multiply defined.


LaTeX Warning: Label `pics:blablabla' multiply defined.


LaTeX Warning: Label `pics:blablabla' multiply defined.


LaTeX Warning: Label `pics:blablabla' multiply defined.


LaTeX Warning: Label `pics:blablabla' multiply defined.


LaTeX Warning: Label `pics:blablabla' multiply defined.


LaTeX Warning: Label `pics:blablabla' multiply defined.


LaTeX Warning: Label `pics:blablabla' multiply defined.


LaTeX Warning: Label `pics:blablabla' multiply defined.


LaTeX Warning: Label `pics:blablabla' multiply defined.


LaTeX Warning: Label `pics:blablabla' multiply defined.


LaTeX Warning: Label `pics:blablabla' multiply defined.


LaTeX Warning: Label `pics:blablabla' multiply defined.


LaTeX Warning: Label `pics:blablabla' multiply defined.


LaTeX Warning: Label `pics:blablabla' multiply defined.


LaTeX Warning: Label `pics:blablabla' multiply defined.

)
\openout1 = `informe.aux'.

LaTeX Font Info:    Checking defaults for OML/cmm/m/it on input line 12.
LaTeX Font Info:    ... okay on input line 12.
LaTeX Font Info:    Checking defaults for T1/cmr/m/n on input line 12.
LaTeX Font Info:    ... okay on input line 12.
LaTeX Font Info:    Checking defaults for OT1/cmr/m/n on input line 12.
LaTeX Font Info:    ... okay on input line 12.
LaTeX Font Info:    Checking defaults for OMS/cmsy/m/n on input line 12.
LaTeX Font Info:    ... okay on input line 12.
LaTeX Font Info:    Checking defaults for OMX/cmex/m/n on input line 12.
LaTeX Font Info:    ... okay on input line 12.
LaTeX Font Info:    Checking defaults for U/cmr/m/n on input line 12.
LaTeX Font Info:    ... okay on input line 12.
LaTeX Info: Redefining \. on input line 12.
LaTeX Info: Redefining \% on input line 12.
 (/usr/share/texlive/texmf-dist/tex/context/base/supp-pdf.mkii
[Loading MPS to PDF converter (version 2006.09.02).]
\scratchcounter=\count101
\scratchdimen=\dimen117
\scratchbox=\box29
\nofMPsegments=\count102
\nofMParguments=\count103
\everyMPshowfont=\toks30
\MPscratchCnt=\count104
\MPscratchDim=\dimen118
\MPnumerator=\count105
\makeMPintoPDFobject=\count106
\everyMPtoPDFconversion=\toks31
) (/usr/share/texlive/texmf-dist/tex/generic/oberdiek/pdftexcmds.sty
Package: pdftexcmds 2011/11/29 v0.20 Utility functions of pdfTeX for LuaTeX (HO
)

(/usr/share/texlive/texmf-dist/tex/generic/oberdiek/ifluatex.sty
Package: ifluatex 2010/03/01 v1.3 Provides the ifluatex switch (HO)
Package ifluatex Info: LuaTeX not detected.
)
(/usr/share/texlive/texmf-dist/tex/generic/oberdiek/ifpdf.sty
Package: ifpdf 2011/01/30 v2.3 Provides the ifpdf switch (HO)
Package ifpdf Info: pdfTeX in PDF mode is detected.
)
Package pdftexcmds Info: LuaTeX not detected.
Package pdftexcmds Info: \pdf@primitive is available.
Package pdftexcmds Info: \pdf@ifprimitive is available.
Package pdftexcmds Info: \pdfdraftmode found.
)
(/usr/share/texlive/texmf-dist/tex/latex/oberdiek/epstopdf-base.sty
Package: epstopdf-base 2010/02/09 v2.5 Base part for package epstopdf

(/usr/share/texlive/texmf-dist/tex/latex/oberdiek/grfext.sty
Package: grfext 2010/08/19 v1.1 Manage graphics extensions (HO)

(/usr/share/texlive/texmf-dist/tex/generic/oberdiek/kvdefinekeys.sty
Package: kvdefinekeys 2011/04/07 v1.3 Define keys (HO)
))
(/usr/share/texlive/texmf-dist/tex/latex/oberdiek/kvoptions.sty
Package: kvoptions 2011/06/30 v3.11 Key value format for package options (HO)

(/usr/share/texlive/texmf-dist/tex/generic/oberdiek/kvsetkeys.sty
Package: kvsetkeys 2012/04/25 v1.16 Key value parser (HO)

(/usr/share/texlive/texmf-dist/tex/generic/oberdiek/etexcmds.sty
Package: etexcmds 2011/02/16 v1.5 Avoid name clashes with e-TeX commands (HO)
Package etexcmds Info: Could not find \expanded.
(etexcmds)             That can mean that you are not using pdfTeX 1.50 or
(etexcmds)             that some package has redefined \expanded.
(etexcmds)             In the latter case, load this package earlier.
)))
Package grfext Info: Graphics extension search list:
(grfext)             [.png,.pdf,.jpg,.mps,.jpeg,.jbig2,.jb2,.PNG,.PDF,.JPG,.JPE
G,.JBIG2,.JB2,.eps]
(grfext)             \AppendGraphicsExtensions on input line 452.

(/usr/share/texlive/texmf-dist/tex/latex/latexconfig/epstopdf-sys.cfg
File: epstopdf-sys.cfg 2010/07/13 v1.3 Configuration of (r)epstopdf for TeX Liv
e
))
Package caption Info: Begin \AtBeginDocument code.
Package caption Info: floatrow package is loaded.
Package caption Info: float package is loaded.
Package caption Info: floatrow package is loaded.
Package caption Info: End \AtBeginDocument code.

(/usr/share/texlive/texmf-dist/tex/latex/graphics/color.sty
Package: color 2016/01/03 v1.1b Standard LaTeX Color (DPC)

(/usr/share/texlive/texmf-dist/tex/latex/latexconfig/color.cfg
File: color.cfg 2007/01/18 v1.5 color configuration of teTeX/TeXLive
)
Package color Info: Driver file: pdftex.def on input line 143.
)
<logo_dc.jpg, id=1, 215.6055pt x 83.5923pt>
File: logo_dc.jpg Graphic file (type jpg)
 <use logo_dc.jpg>
Package pdftex.def Info: logo_dc.jpg used on input line 25.
(pdftex.def)             Requested size: 215.60497pt x 83.59207pt.

Underfull \hbox (badness 10000) in paragraph at lines 25--25

 []

LaTeX Font Info:    External font `cmex10' loaded for size
(Font)              <7> on input line 25.
LaTeX Font Info:    External font `cmex10' loaded for size
(Font)              <5> on input line 25.
<logo_uba.jpg, id=2, 225.4824pt x 231.7458pt>
File: logo_uba.jpg Graphic file (type jpg)
 <use logo_uba.jpg>
Package pdftex.def Info: logo_uba.jpg used on input line 25.
(pdftex.def)             Requested size: 225.48184pt x 231.74522pt.

Overfull \hbox (35.73079pt too wide) in paragraph at lines 25--25
[][] 
 []


Underfull \hbox (badness 10000) in paragraph at lines 25--25

 []

[1

{/var/lib/texmf/fonts/map/pdftex/updmap/pdftex.map} <./logo_dc.jpg> <./logo_uba
.jpg>] (./informe.toc
LaTeX Info: Redefining \. on input line 1.
LaTeX Info: Redefining \% on input line 1.
)
\tf@toc=\write3
\openout3 = `informe.toc'.

 [1] (./introduccion.tex) [2] (./metodologia.tex
<imagenes/hmm.png, id=23, 708.6475pt x 426.59375pt>
File: imagenes/hmm.png Graphic file (type png)
 <use imagenes/hmm.png>
Package pdftex.def Info: imagenes/hmm.png used on input line 22.
(pdftex.def)             Requested size: 354.32289pt x 213.29634pt.

Overfull \hbox (9.32289pt too wide) in paragraph at lines 22--23
 [][] 
 []

[3]
! Undefined control sequence.
l.29 \explicar
              
? 
<imagenes/hmmContext.png, id=28, 602.25pt x 461.725pt>
File: imagenes/hmmContext.png Graphic file (type png)

<use imagenes/hmmContext.png>
Package pdftex.def Info: imagenes/hmmContext.png used on input line 34.
(pdftex.def)             Requested size: 301.12425pt x 230.86194pt.
 [4 <./imagenes/hmm.png>]
<imagenes/arbolDeDesicionTesis.png, id=33, 879.285pt x 580.1675pt>
File: imagenes/arbolDeDesicionTesis.png Graphic file (type png)

<use imagenes/arbolDeDesicionTesis.png>
Package pdftex.def Info: imagenes/arbolDeDesicionTesis.png used on input line 5
8.
(pdftex.def)             Requested size: 351.70778pt x 232.06288pt.

Overfull \hbox (6.70778pt too wide) in paragraph at lines 58--59
 [] 
 []

[5 <./imagenes/hmmContext.png>] [6 <./imagenes/arbolDeDesicionTesis.png>]
<imagenes_investigacion/consonantes1.png, id=41, 351.3125pt x 178.6675pt>
File: imagenes_investigacion/consonantes1.png Graphic file (type png)

<use imagenes_investigacion/consonantes1.png>
Package pdftex.def Info: imagenes_investigacion/consonantes1.png used on input 
line 86.
(pdftex.def)             Requested size: 175.6558pt x 89.33353pt.

<imagenes_investigacion/consonantes2.png, id=42, 342.27875pt x 202.7575pt>
File: imagenes_investigacion/consonantes2.png Graphic file (type png)

<use imagenes_investigacion/consonantes2.png>
Package pdftex.def Info: imagenes_investigacion/consonantes2.png used on input 
line 87.
(pdftex.def)             Requested size: 171.13895pt x 101.3785pt.
 [7 <./imagenes_investigacion/consonantes1.png> <./imagenes_investigacion/conso
nantes2.png>]
! Undefined control sequence.
l.144 \verPag
             
? 
[8]
! Undefined control sequence.
l.154 \expandir
               
? 
)
Overfull \hbox (4.56999pt too wide) in paragraph at lines 195--37
\OT1/cmr/m/n/10 con \OT1/cmr/m/it/10 CMU-ARCTIC-SLT \OT1/cmr/m/n/10 se le rea-l
i-za spea-ker adap-ta-tion con el cor-pus de \OT1/cmr/m/it/10 loc1[]pal\OT1/cmr
/m/n/10 ,
 []

[9] [10] (./experimentacion.tex
<estudio_online/estudio1.png, id=55, 1150.2975pt x 489.83pt>
File: estudio_online/estudio1.png Graphic file (type png)

<use estudio_online/estudio1.png>
Package pdftex.def Info: estudio_online/estudio1.png used on input line 36.
(pdftex.def)             Requested size: 460.11086pt x 195.92853pt.

Overfull \hbox (115.11086pt too wide) in paragraph at lines 36--37
 [] 
 []

[11] <estudio_online/estudio2.png, id=59, 1069.9975pt x 323.2075pt>
File: estudio_online/estudio2.png Graphic file (type png)

<use estudio_online/estudio2.png>
Package pdftex.def Info: estudio_online/estudio2.png used on input line 48.
(pdftex.def)             Requested size: 427.99142pt x 129.2807pt.

Overfull \hbox (82.99142pt too wide) in paragraph at lines 48--49
 [] 
 []

<estudio_online/estudio3.png, id=60, 1020.81375pt x 248.93pt>
File: estudio_online/estudio3.png Graphic file (type png)

<use estudio_online/estudio3.png>
Package pdftex.def Info: estudio_online/estudio3.png used on input line 54.
(pdftex.def)             Requested size: 408.31827pt x 99.57022pt.

Overfull \hbox (63.31827pt too wide) in paragraph at lines 54--55
 [] 
 []

[12 <./estudio_online/estudio1.png> <./estudio_online/estudio2.png>] [13 <./est
udio_online/estudio3.png>]
<datosDemograficos/edad.png, id=68, 602.25pt x 372.39125pt>
File: datosDemograficos/edad.png Graphic file (type png)

<use datosDemograficos/edad.png>
Package pdftex.def Info: datosDemograficos/edad.png used on input line 73.
(pdftex.def)             Requested size: 180.67639pt x 111.71823pt.

<datosDemograficos/genero.png, id=69, 602.25pt x 372.39125pt>
File: datosDemograficos/genero.png Graphic file (type png)

<use datosDemograficos/genero.png>
Package pdftex.def Info: datosDemograficos/genero.png used on input line 85.
(pdftex.def)             Requested size: 180.67639pt x 111.71823pt.

<datosDemograficos/infancia.png, id=70, 602.25pt x 372.39125pt>
File: datosDemograficos/infancia.png Graphic file (type png)

<use datosDemograficos/infancia.png>
Package pdftex.def Info: datosDemograficos/infancia.png used on input line 97.
(pdftex.def)             Requested size: 180.67639pt x 111.71823pt.
 [14 <./datosDemograficos/edad.png (PNG copy)> <./datosDemograficos/genero.png 
(PNG copy)>]
<imagenes/plots_raw/1.png, id=74, 462.528pt x 346.896pt>
File: imagenes/plots_raw/1.png Graphic file (type png)

<use imagenes/plots_raw/1.png>
Package pdftex.def Info: imagenes/plots_raw/1.png used on input line 112.
(pdftex.def)             Requested size: 172.5pt x 129.37639pt.

<imagenes/plots_raw/2.png, id=76, 462.528pt x 346.896pt>
File: imagenes/plots_raw/2.png Graphic file (type png)

<use imagenes/plots_raw/2.png>
Package pdftex.def Info: imagenes/plots_raw/2.png used on input line 113.
(pdftex.def)             Requested size: 172.5pt x 129.37639pt.

Overfull \hbox (20.0pt too wide) in paragraph at lines 110--115
 []$ 
 []

<imagenes/plots_raw/3.png, id=77, 462.528pt x 346.896pt>
File: imagenes/plots_raw/3.png Graphic file (type png)

<use imagenes/plots_raw/3.png>
Package pdftex.def Info: imagenes/plots_raw/3.png used on input line 125.
(pdftex.def)             Requested size: 172.5pt x 129.37639pt.

<imagenes/plots_raw/4.png, id=78, 462.528pt x 346.896pt>
File: imagenes/plots_raw/4.png Graphic file (type png)

<use imagenes/plots_raw/4.png>
Package pdftex.def Info: imagenes/plots_raw/4.png used on input line 126.
(pdftex.def)             Requested size: 172.5pt x 129.37639pt.

Overfull \hbox (20.0pt too wide) in paragraph at lines 123--128
 []$ 
 []

LaTeX Font Info:    Try loading font information for OMS+cmr on input line 138.

(/usr/share/texlive/texmf-dist/tex/latex/base/omscmr.fd
File: omscmr.fd 2014/09/29 v2.5h Standard LaTeX font definitions
)
LaTeX Font Info:    Font shape `OMS/cmr/m/n' in size <10> not available
(Font)              Font shape `OMS/cmsy/m/n' tried instead on input line 138.
 [15 <./datosDemograficos/infancia.png (PNG copy)> <./imagenes/plots_raw/1.png>
 <./imagenes/plots_raw/2.png>] <imagenes/plots_raw/5.png, id=85, 462.528pt x 34
6.896pt>
File: imagenes/plots_raw/5.png Graphic file (type png)

<use imagenes/plots_raw/5.png>
Package pdftex.def Info: imagenes/plots_raw/5.png used on input line 154.
(pdftex.def)             Requested size: 172.5pt x 129.37639pt.

<imagenes/plots_raw/6.png, id=86, 462.528pt x 346.896pt>
File: imagenes/plots_raw/6.png Graphic file (type png)

<use imagenes/plots_raw/6.png>
Package pdftex.def Info: imagenes/plots_raw/6.png used on input line 155.
(pdftex.def)             Requested size: 172.5pt x 129.37639pt.

Overfull \hbox (20.0pt too wide) in paragraph at lines 152--157
 []$ 
 []

<imagenes/plots_raw/7.png, id=87, 462.528pt x 346.896pt>
File: imagenes/plots_raw/7.png Graphic file (type png)

<use imagenes/plots_raw/7.png>
Package pdftex.def Info: imagenes/plots_raw/7.png used on input line 166.
(pdftex.def)             Requested size: 172.5pt x 129.37639pt.

<imagenes/plots_raw/8.png, id=88, 462.528pt x 346.896pt>
File: imagenes/plots_raw/8.png Graphic file (type png)

<use imagenes/plots_raw/8.png>
Package pdftex.def Info: imagenes/plots_raw/8.png used on input line 167.
(pdftex.def)             Requested size: 172.5pt x 129.37639pt.

Overfull \hbox (20.0pt too wide) in paragraph at lines 164--169
 []$ 
 []

[16 <./imagenes/plots_raw/3.png> <./imagenes/plots_raw/4.png> <./imagenes/plots
_raw/5.png> <./imagenes/plots_raw/6.png>]
<imagenes/plots_raw/9.png, id=96, 462.528pt x 346.896pt>
File: imagenes/plots_raw/9.png Graphic file (type png)

<use imagenes/plots_raw/9.png>
Package pdftex.def Info: imagenes/plots_raw/9.png used on input line 191.
(pdftex.def)             Requested size: 172.5pt x 129.37639pt.

<imagenes/plots_raw/10.png, id=97, 462.528pt x 346.896pt>
File: imagenes/plots_raw/10.png Graphic file (type png)

<use imagenes/plots_raw/10.png>
Package pdftex.def Info: imagenes/plots_raw/10.png used on input line 192.
(pdftex.def)             Requested size: 172.5pt x 129.37639pt.

Overfull \hbox (20.00002pt too wide) in paragraph at lines 189--194
 []$ 
 []

[17 <./imagenes/plots_raw/7.png> <./imagenes/plots_raw/8.png> <./imagenes/plots
_raw/9.png> <./imagenes/plots_raw/10.png>]
<imagenes/plots_normalized/1.png, id=105, 462.528pt x 346.896pt>
File: imagenes/plots_normalized/1.png Graphic file (type png)

<use imagenes/plots_normalized/1.png>
Package pdftex.def Info: imagenes/plots_normalized/1.png used on input line 236
.
(pdftex.def)             Requested size: 172.5pt x 129.37639pt.

<imagenes/plots_normalized/2.png, id=106, 462.528pt x 346.896pt>
File: imagenes/plots_normalized/2.png Graphic file (type png)

<use imagenes/plots_normalized/2.png>
Package pdftex.def Info: imagenes/plots_normalized/2.png used on input line 237
.
(pdftex.def)             Requested size: 172.5pt x 129.37639pt.

Overfull \hbox (20.0pt too wide) in paragraph at lines 234--239
 []$ 
 []

<imagenes/plots_normalized/3.png, id=107, 462.528pt x 346.896pt>
File: imagenes/plots_normalized/3.png Graphic file (type png)

<use imagenes/plots_normalized/3.png>
Package pdftex.def Info: imagenes/plots_normalized/3.png used on input line 249
.
(pdftex.def)             Requested size: 172.5pt x 129.37639pt.

<imagenes/plots_normalized/4.png, id=108, 462.528pt x 346.896pt>
File: imagenes/plots_normalized/4.png Graphic file (type png)

<use imagenes/plots_normalized/4.png>
Package pdftex.def Info: imagenes/plots_normalized/4.png used on input line 250
.
(pdftex.def)             Requested size: 172.5pt x 129.37639pt.

Overfull \hbox (20.0pt too wide) in paragraph at lines 247--252
 []$ 
 []

<imagenes/plots_normalized/5.png, id=109, 462.528pt x 346.896pt>
File: imagenes/plots_normalized/5.png Graphic file (type png)

<use imagenes/plots_normalized/5.png>
Package pdftex.def Info: imagenes/plots_normalized/5.png used on input line 263
.
(pdftex.def)             Requested size: 172.5pt x 129.37639pt.

<imagenes/plots_normalized/6.png, id=110, 462.528pt x 346.896pt>
File: imagenes/plots_normalized/6.png Graphic file (type png)

<use imagenes/plots_normalized/6.png>
Package pdftex.def Info: imagenes/plots_normalized/6.png used on input line 264
.
(pdftex.def)             Requested size: 172.5pt x 129.37639pt.

Overfull \hbox (20.0pt too wide) in paragraph at lines 261--266
 []$ 
 []

[18

 <./imagenes/plots_normalized/1.png> <./imagenes/plots_normalized/2.png>]
[19 <./imagenes/plots_normalized/3.png> <./imagenes/plots_normalized/4.png> <./
imagenes/plots_normalized/5.png> <./imagenes/plots_normalized/6.png>]
<imagenes/plots_normalized/7.png, id=124, 462.528pt x 346.896pt>
File: imagenes/plots_normalized/7.png Graphic file (type png)

<use imagenes/plots_normalized/7.png>
Package pdftex.def Info: imagenes/plots_normalized/7.png used on input line 283
.
(pdftex.def)             Requested size: 172.5pt x 129.37639pt.

<imagenes/plots_normalized/8.png, id=125, 462.528pt x 346.896pt>
File: imagenes/plots_normalized/8.png Graphic file (type png)

<use imagenes/plots_normalized/8.png>
Package pdftex.def Info: imagenes/plots_normalized/8.png used on input line 284
.
(pdftex.def)             Requested size: 172.5pt x 129.37639pt.

Overfull \hbox (20.0pt too wide) in paragraph at lines 281--286
 []$ 
 []

<imagenes/plots_normalized/9.png, id=126, 462.528pt x 346.896pt>
File: imagenes/plots_normalized/9.png Graphic file (type png)

<use imagenes/plots_normalized/9.png>
Package pdftex.def Info: imagenes/plots_normalized/9.png used on input line 301
.
(pdftex.def)             Requested size: 172.5pt x 129.37639pt.

<imagenes/plots_normalized/10.png, id=127, 462.528pt x 346.896pt>
File: imagenes/plots_normalized/10.png Graphic file (type png)

<use imagenes/plots_normalized/10.png>
Package pdftex.def Info: imagenes/plots_normalized/10.png used on input line 30
2.
(pdftex.def)             Requested size: 172.5pt x 129.37639pt.

Overfull \hbox (20.0pt too wide) in paragraph at lines 299--304
 []$ 
 []

[20 <./imagenes/plots_normalized/7.png> <./imagenes/plots_normalized/8.png>]
[21 <./imagenes/plots_normalized/9.png> <./imagenes/plots_normalized/10.png>]
<imagenes/nacionalidades/1.png, id=138, 602.25pt x 372.39125pt>
File: imagenes/nacionalidades/1.png Graphic file (type png)

<use imagenes/nacionalidades/1.png>
Package pdftex.def Info: imagenes/nacionalidades/1.png used on input line 372.
(pdftex.def)             Requested size: 172.5pt x 106.66104pt.

<imagenes/nacionalidades/2.png, id=139, 602.25pt x 372.39125pt>
File: imagenes/nacionalidades/2.png Graphic file (type png)

<use imagenes/nacionalidades/2.png>
Package pdftex.def Info: imagenes/nacionalidades/2.png used on input line 373.
(pdftex.def)             Requested size: 172.5pt x 106.66104pt.

Overfull \hbox (20.0pt too wide) in paragraph at lines 370--375
 []$ 
 []

<imagenes/nacionalidades/3.png, id=140, 602.25pt x 372.39125pt>
File: imagenes/nacionalidades/3.png Graphic file (type png)

<use imagenes/nacionalidades/3.png>
Package pdftex.def Info: imagenes/nacionalidades/3.png used on input line 385.
(pdftex.def)             Requested size: 172.5pt x 106.66104pt.

<imagenes/nacionalidades/4.png, id=141, 602.25pt x 372.39125pt>
File: imagenes/nacionalidades/4.png Graphic file (type png)

<use imagenes/nacionalidades/4.png>
Package pdftex.def Info: imagenes/nacionalidades/4.png used on input line 386.
(pdftex.def)             Requested size: 172.5pt x 106.66104pt.

Overfull \hbox (20.0pt too wide) in paragraph at lines 383--388
 []$ 
 []

[22

 <./imagenes/nacionalidades/1.png (PNG copy)> <./imagenes/nacionalidades/2.png 
(PNG copy)>]
<imagenes/nacionalidades/5.png, id=145, 602.25pt x 372.39125pt>
File: imagenes/nacionalidades/5.png Graphic file (type png)

<use imagenes/nacionalidades/5.png>
Package pdftex.def Info: imagenes/nacionalidades/5.png used on input line 412.
(pdftex.def)             Requested size: 172.5pt x 106.66104pt.

<imagenes/nacionalidades/6.png, id=146, 602.25pt x 372.39125pt>
File: imagenes/nacionalidades/6.png Graphic file (type png)

<use imagenes/nacionalidades/6.png>
Package pdftex.def Info: imagenes/nacionalidades/6.png used on input line 413.
(pdftex.def)             Requested size: 172.5pt x 106.66104pt.

Overfull \hbox (20.0pt too wide) in paragraph at lines 410--415
 []$ 
 []

<imagenes/nacionalidades/7.png, id=147, 602.25pt x 372.39125pt>
File: imagenes/nacionalidades/7.png Graphic file (type png)

<use imagenes/nacionalidades/7.png>
Package pdftex.def Info: imagenes/nacionalidades/7.png used on input line 425.
(pdftex.def)             Requested size: 172.5pt x 106.66104pt.

<imagenes/nacionalidades/8.png, id=148, 602.25pt x 372.39125pt>
File: imagenes/nacionalidades/8.png Graphic file (type png)

<use imagenes/nacionalidades/8.png>
Package pdftex.def Info: imagenes/nacionalidades/8.png used on input line 426.
(pdftex.def)             Requested size: 172.5pt x 106.66104pt.

Overfull \hbox (20.0pt too wide) in paragraph at lines 423--428
 []$ 
 []

<imagenes/nacionalidades/9.png, id=149, 602.25pt x 372.39125pt>
File: imagenes/nacionalidades/9.png Graphic file (type png)

<use imagenes/nacionalidades/9.png>
Package pdftex.def Info: imagenes/nacionalidades/9.png used on input line 438.
(pdftex.def)             Requested size: 172.5pt x 106.66104pt.

<imagenes/nacionalidades/10.png, id=150, 602.25pt x 372.39125pt>
File: imagenes/nacionalidades/10.png Graphic file (type png)

<use imagenes/nacionalidades/10.png>
Package pdftex.def Info: imagenes/nacionalidades/10.png used on input line 439.

(pdftex.def)             Requested size: 172.5pt x 106.66104pt.

Overfull \hbox (20.0pt too wide) in paragraph at lines 436--441
 []$ 
 []

[23 <./imagenes/nacionalidades/3.png (PNG copy)> <./imagenes/nacionalidades/4.p
ng (PNG copy)> <./imagenes/nacionalidades/5.png (PNG copy)> <./imagenes/naciona
lidades/6.png (PNG copy)>]
<imagenes/nacVsPlot/1.png, id=154, 578.16pt x 433.62pt>
File: imagenes/nacVsPlot/1.png Graphic file (type png)

<use imagenes/nacVsPlot/1.png>
Package pdftex.def Info: imagenes/nacVsPlot/1.png used on input line 460.
(pdftex.def)             Requested size: 172.5pt x 129.37242pt.

<imagenes/nacVsPlot/2.png, id=155, 578.16pt x 433.62pt>
File: imagenes/nacVsPlot/2.png Graphic file (type png)

<use imagenes/nacVsPlot/2.png>
Package pdftex.def Info: imagenes/nacVsPlot/2.png used on input line 461.
(pdftex.def)             Requested size: 172.5pt x 129.37242pt.

Overfull \hbox (20.0pt too wide) in paragraph at lines 458--463
 []$ 
 []

<imagenes/nacVsPlot/3.png, id=156, 578.16pt x 433.62pt>
File: imagenes/nacVsPlot/3.png Graphic file (type png)

<use imagenes/nacVsPlot/3.png>
Package pdftex.def Info: imagenes/nacVsPlot/3.png used on input line 475.
(pdftex.def)             Requested size: 172.5pt x 129.37242pt.

<imagenes/nacVsPlot/4.png, id=157, 578.16pt x 433.62pt>
File: imagenes/nacVsPlot/4.png Graphic file (type png)

<use imagenes/nacVsPlot/4.png>
Package pdftex.def Info: imagenes/nacVsPlot/4.png used on input line 476.
(pdftex.def)             Requested size: 172.5pt x 129.37242pt.

Overfull \hbox (20.0pt too wide) in paragraph at lines 473--478
 []$ 
 []

[24 <./imagenes/nacionalidades/7.png (PNG copy)> <./imagenes/nacionalidades/8.p
ng (PNG copy)> <./imagenes/nacionalidades/9.png (PNG copy)> <./imagenes/naciona
lidades/10.png (PNG copy)>] [25 <./imagenes/nacVsPlot/1.png> <./imagenes/nacVsP
lot/2.png> <./imagenes/nacVsPlot/3.png> <./imagenes/nacVsPlot/4.png>]
<imagenes/nacVsPlot/5.png, id=169, 578.16pt x 433.62pt>
File: imagenes/nacVsPlot/5.png Graphic file (type png)

<use imagenes/nacVsPlot/5.png>
Package pdftex.def Info: imagenes/nacVsPlot/5.png used on input line 492.
(pdftex.def)             Requested size: 172.5pt x 129.37242pt.

<imagenes/nacVsPlot/6.png, id=170, 578.16pt x 433.62pt>
File: imagenes/nacVsPlot/6.png Graphic file (type png)

<use imagenes/nacVsPlot/6.png>
Package pdftex.def Info: imagenes/nacVsPlot/6.png used on input line 493.
(pdftex.def)             Requested size: 172.5pt x 129.37242pt.

Overfull \hbox (20.0pt too wide) in paragraph at lines 490--495
 []$ 
 []

<imagenes/nacVsPlot/7.png, id=171, 578.16pt x 433.62pt>
File: imagenes/nacVsPlot/7.png Graphic file (type png)

<use imagenes/nacVsPlot/7.png>
Package pdftex.def Info: imagenes/nacVsPlot/7.png used on input line 503.
(pdftex.def)             Requested size: 172.5pt x 129.37242pt.

<imagenes/nacVsPlot/8.png, id=172, 578.16pt x 433.62pt>
File: imagenes/nacVsPlot/8.png Graphic file (type png)

<use imagenes/nacVsPlot/8.png>
Package pdftex.def Info: imagenes/nacVsPlot/8.png used on input line 504.
(pdftex.def)             Requested size: 172.5pt x 129.37242pt.

Overfull \hbox (20.0pt too wide) in paragraph at lines 501--506
 []$ 
 []

<imagenes/nacVsPlot/9.png, id=173, 578.16pt x 433.62pt>
File: imagenes/nacVsPlot/9.png Graphic file (type png)

<use imagenes/nacVsPlot/9.png>
Package pdftex.def Info: imagenes/nacVsPlot/9.png used on input line 514.
(pdftex.def)             Requested size: 172.5pt x 129.37242pt.

<imagenes/nacVsPlot/10.png, id=174, 578.16pt x 433.62pt>
File: imagenes/nacVsPlot/10.png Graphic file (type png)

<use imagenes/nacVsPlot/10.png>
Package pdftex.def Info: imagenes/nacVsPlot/10.png used on input line 515.
(pdftex.def)             Requested size: 172.5pt x 129.37242pt.

Overfull \hbox (20.0pt too wide) in paragraph at lines 512--517
 []$ 
 []

) [26 <./imagenes/nacVsPlot/5.png> <./imagenes/nacVsPlot/6.png> <./imagenes/nac
VsPlot/7.png> <./imagenes/nacVsPlot/8.png>] (./final.tex) [27 <./imagenes/nacVs
Plot/9.png> <./imagenes/nacVsPlot/10.png>] (./apendice.tex [28]) [29]
(./referencias.tex
Overfull \hbox (219.63899pt too wide) in paragraph at lines 5--7
\OT1/cmr/m/n/10 Kis-ho-re Praha-llad, Alan W Black and Ra-vis-hank-har Mo-sur h
ttps://www.cs.cmu.edu/ awb/papers/ICASSP2006/0100853.pdf 
 []

) [30] (./informe.aux
LaTeX Info: Redefining \. on input line 6.
LaTeX Info: Redefining \% on input line 6.
)

LaTeX Warning: There were multiply-defined labels.

 ) 
Here is how much of TeX's memory you used:
 4632 strings out of 494891
 70731 string characters out of 6179039
 143526 words of memory out of 5000000
 7833 multiletter control sequences out of 15000+600000
 7222 words of font info for 26 fonts, out of 8000000 for 9000
 40 hyphenation exceptions out of 8191
 38i,12n,41p,733b,444s stack positions out of 5000i,500n,10000p,200000b,80000s
</usr/share/texlive/texmf-dist/fonts/type1/public/amsfonts/cm/cmbx10.pfb></us
r/share/texlive/texmf-dist/fonts/type1/public/amsfonts/cm/cmbx12.pfb></usr/shar
e/texlive/texmf-dist/fonts/type1/public/amsfonts/cm/cmmi10.pfb></usr/share/texl
ive/texmf-dist/fonts/type1/public/amsfonts/cm/cmr10.pfb></usr/share/texlive/tex
mf-dist/fonts/type1/public/amsfonts/cm/cmr12.pfb></usr/share/texlive/texmf-dist
/fonts/type1/public/amsfonts/cm/cmr7.pfb></usr/share/texlive/texmf-dist/fonts/t
ype1/public/amsfonts/cm/cmss10.pfb></usr/share/texlive/texmf-dist/fonts/type1/p
ublic/amsfonts/cm/cmssbx10.pfb></usr/share/texlive/texmf-dist/fonts/type1/publi
c/amsfonts/cm/cmsy10.pfb></usr/share/texlive/texmf-dist/fonts/type1/public/amsf
onts/cm/cmti10.pfb></usr/share/texlive/texmf-dist/fonts/type1/public/amsfonts/c
m/cmti9.pfb></usr/share/texlive/texmf-dist/fonts/type1/public/amsfonts/cm/cmtt1
0.pfb>
Output written on informe.pdf (31 pages, 2161587 bytes).
PDF statistics:
 237 PDF objects out of 1000 (max. 8388607)
 107 compressed objects within 2 object streams
 0 named destinations out of 1000 (max. 500000)
 266 words of extra memory for PDF output out of 10000 (max. 10000000)

